2024-03-16 22:21:04,195 [INFO] Activator:176 - 


2024-03-16 22:21:04,197 [INFO] Activator:177 - !SESSION log4j initialized
2024-03-16 22:21:05,021 [ERROR] LogOutputStream:75 - [STDERR_REDIRECT] 
2024-03-16 22:21:07,345 [INFO] LogOutputStream:77 - [STDOUT_REDIRECT] 
2024-03-16 22:21:28,474 [ERROR] LogOutputStream:75 - [STDERR_REDIRECT] SLF4J: Failed to load class "org.slf4j.impl.StaticLoggerBinder".
2024-03-16 22:21:28,474 [ERROR] LogOutputStream:75 - [STDERR_REDIRECT] SLF4J: Defaulting to no-operation (NOP) logger implementation
2024-03-16 22:21:28,475 [ERROR] LogOutputStream:75 - [STDERR_REDIRECT] SLF4J: See http://www.slf4j.org/codes.html#StaticLoggerBinder for further details.
2024-03-16 22:22:19,436 [INFO] McuFinderGlobals:53 - Set McuFinder mode to 2 (CubeIDE integrated)
2024-03-16 22:22:19,564 [INFO] ApplicationProperties:184 - Using Application install path: /Applications/STM32CubeIDE.app/Contents/Eclipse/plugins/com.st.stm32cube.common.mx_6.8.1.202304191431
2024-03-16 22:22:19,597 [INFO] DbMcusXml:78 - Set database path to: /Applications/STM32CubeIDE.app/Contents/Eclipse/plugins/com.st.stm32cube.common.mx_6.8.1.202304191431//db//mcu/
2024-03-16 22:22:19,598 [INFO] ApiDb:274 - Set plugin database path to: /Applications/STM32CubeIDE.app/Contents/Eclipse/plugins/com.st.stm32cube.common.mx_6.8.1.202304191431//db//plugins/boardmanager/
2024-03-16 22:22:19,601 [WARN] ApiDb:259 - Overriding images path with different value:  => /Applications/STM32CubeIDE.app/Contents/Eclipse/plugins/com.st.stm32cube.common.mx_6.8.1.202304191431//db//plugins/mcufinder/images/
2024-03-16 22:22:19,615 [INFO] ApiDb:250 - Set database path to: /Users/michal/.stmcufinder/plugins/mcufinder//mcu/
2024-03-16 22:22:19,617 [INFO] DbMcusAds:125 - Set database path to: /Users/michal/.stmcufinder/plugins/mcufinder//mcu/
2024-03-16 22:22:19,621 [INFO] CrossReferenceDbSqlite:203 - Set database path to: /Users/michal/.stmcufinder/plugins/mcufinder//mcu/cs/
2024-03-16 22:22:19,718 [INFO] RulesReader:64 - Compatibility file has been processed (293 Rules)
2024-03-16 22:22:19,790 [INFO] DbMcusXml:78 - Set database path to: /Applications/STM32CubeIDE.app/Contents/Eclipse/plugins/com.st.stm32cube.common.mx_6.8.1.202304191431//db//mcu/
2024-03-16 22:22:19,790 [INFO] ApiDb:274 - Set plugin database path to: /Applications/STM32CubeIDE.app/Contents/Eclipse/plugins/com.st.stm32cube.common.mx_6.8.1.202304191431//db//plugins/boardmanager/
2024-03-16 22:22:19,790 [INFO] ApiDb:261 - Set plugin images path to: /Applications/STM32CubeIDE.app/Contents/Eclipse/plugins/com.st.stm32cube.common.mx_6.8.1.202304191431//db//plugins/mcufinder/images/
2024-03-16 22:22:19,790 [WARN] DbFile:41 - Overriding database path with different value: /Users/michal/.stmcufinder/plugins/mcufinder/ => /Users/michal/.stmcufinder/plugins/mcufinder
2024-03-16 22:22:19,790 [INFO] ApiDb:250 - Set database path to: /Users/michal/.stmcufinder/plugins/mcufinder//mcu/
2024-03-16 22:22:19,790 [WARN] DbFile:41 - Overriding database path with different value: /Users/michal/.stmcufinder/plugins/mcufinder/ => /Users/michal/.stmcufinder/plugins/mcufinder
2024-03-16 22:22:19,791 [INFO] DbMcusAds:125 - Set database path to: /Users/michal/.stmcufinder/plugins/mcufinder//mcu/
2024-03-16 22:22:19,791 [WARN] DbFile:41 - Overriding database path with different value: /Users/michal/.stmcufinder/plugins/mcufinder/ => /Users/michal/.stmcufinder/plugins/mcufinder
2024-03-16 22:22:19,791 [WARN] DbFile:41 - Overriding database path with different value: /Users/michal/.stmcufinder/plugins/mcufinder/ => /Users/michal/.stmcufinder/plugins/mcufinder
2024-03-16 22:22:19,791 [INFO] CrossReferenceDbSqlite:203 - Set database path to: /Users/michal/.stmcufinder/plugins/mcufinder//mcu/cs/
2024-03-16 22:22:19,849 [INFO] MainPanel:253 - HeapMemory: 511705088
2024-03-16 22:22:19,927 [INFO] DbMcusXml:78 - Set database path to: /Applications/STM32CubeIDE.app/Contents/Eclipse/plugins/com.st.stm32cube.common.mx_6.8.1.202304191431//db//mcu/
2024-03-16 22:22:19,927 [INFO] ApiDb:274 - Set plugin database path to: /Applications/STM32CubeIDE.app/Contents/Eclipse/plugins/com.st.stm32cube.common.mx_6.8.1.202304191431//db//plugins/boardmanager/
2024-03-16 22:22:19,927 [INFO] ApiDb:261 - Set plugin images path to: /Applications/STM32CubeIDE.app/Contents/Eclipse/plugins/com.st.stm32cube.common.mx_6.8.1.202304191431//db//plugins/mcufinder/images/
2024-03-16 22:22:19,928 [WARN] DbFile:41 - Overriding database path with different value: /Users/michal/.stmcufinder/plugins/mcufinder/ => /Users/michal/.stmcufinder/plugins/mcufinder
2024-03-16 22:22:19,928 [INFO] ApiDb:250 - Set database path to: /Users/michal/.stmcufinder/plugins/mcufinder//mcu/
2024-03-16 22:22:19,928 [WARN] DbFile:41 - Overriding database path with different value: /Users/michal/.stmcufinder/plugins/mcufinder/ => /Users/michal/.stmcufinder/plugins/mcufinder
2024-03-16 22:22:19,928 [INFO] DbMcusAds:125 - Set database path to: /Users/michal/.stmcufinder/plugins/mcufinder//mcu/
2024-03-16 22:22:19,928 [WARN] DbFile:41 - Overriding database path with different value: /Users/michal/.stmcufinder/plugins/mcufinder/ => /Users/michal/.stmcufinder/plugins/mcufinder
2024-03-16 22:22:19,928 [WARN] DbFile:41 - Overriding database path with different value: /Users/michal/.stmcufinder/plugins/mcufinder/ => /Users/michal/.stmcufinder/plugins/mcufinder
2024-03-16 22:22:19,928 [INFO] CrossReferenceDbSqlite:203 - Set database path to: /Users/michal/.stmcufinder/plugins/mcufinder//mcu/cs/
2024-03-16 22:22:19,944 [INFO] ApplicationProperties:184 - Using Application install path: /Applications/STM32CubeIDE.app/Contents/Eclipse/plugins/com.st.stm32cube.common.mx_6.8.1.202304191431
2024-03-16 22:22:19,945 [INFO] PluginManage:196 - Search for loadable plugins [exclusion list=, ]
2024-03-16 22:22:19,947 [INFO] PluginManage:310 - Check plugin analytics
2024-03-16 22:22:20,088 [INFO] AnalyticsPlugin:253 - Accepted Software Licenses: 
2024-03-16 22:22:20,088 [INFO] AnalyticsPlugin:255 - Accepted CMSIS Pack Licenses: 
2024-03-16 22:22:20,089 [INFO] AnalyticsPlugin:257 - Accepted Firmware Licenses: 
2024-03-16 22:22:20,094 [INFO] PluginManage:359 - Loaded plugin analytics (category:tool,tabindex:-1)
2024-03-16 22:22:20,094 [INFO] PluginManage:310 - Check plugin cadmodel
2024-03-16 22:22:20,306 [INFO] CADModel:105 - Init CAD model plugin
2024-03-16 22:22:20,307 [INFO] PluginManage:359 - Loaded plugin cadmodel (category:power,tabindex:5)
2024-03-16 22:22:20,307 [INFO] PluginManage:310 - Check plugin clock
2024-03-16 22:22:20,317 [INFO] PluginManage:359 - Loaded plugin clock (category:base,tabindex:2)
2024-03-16 22:22:20,317 [INFO] PluginManage:310 - Check plugin ddr
2024-03-16 22:22:20,320 [INFO] PluginManage:359 - Loaded plugin ddr (category:tool,tabindex:6)
2024-03-16 22:22:20,320 [INFO] PluginManage:310 - Check plugin filemanager
2024-03-16 22:22:20,459 [INFO] PluginManage:359 - Loaded plugin filemanager (category:base,tabindex:10)
2024-03-16 22:22:20,460 [INFO] PluginManage:310 - Check plugin ipmanager
2024-03-16 22:22:20,466 [INFO] PluginManage:359 - Loaded plugin ipmanager (category:base,tabindex:5)
2024-03-16 22:22:20,467 [INFO] PluginManage:310 - Check plugin lpbam
2024-03-16 22:22:20,477 [INFO] PluginManage:359 - Loaded plugin lpbam (category:base,tabindex:0)
2024-03-16 22:22:20,477 [INFO] PluginManage:310 - Check plugin pinoutandconfiguration
2024-03-16 22:22:20,484 [INFO] PluginManage:359 - Loaded plugin pinoutandconfiguration (category:base,tabindex:1)
2024-03-16 22:22:20,484 [INFO] PluginManage:310 - Check plugin pinoutconfig
2024-03-16 22:22:20,549 [WARN] SupportedApi:132 - Cannot load RTOS API schema: s4s-elt-must-match.1: The content of 'definitions' must match (annotation?, (simpleType | complexType)?, (unique | key | keyref)*)). A problem was found starting at: attribute.
2024-03-16 22:22:20,690 [INFO] PluginManage:359 - Loaded plugin pinoutconfig (category:base,tabindex:0)
2024-03-16 22:22:20,690 [INFO] PluginManage:310 - Check plugin power
2024-03-16 22:22:20,700 [INFO] PluginManage:359 - Loaded plugin power (category:power,tabindex:4)
2024-03-16 22:22:20,701 [INFO] PluginManage:310 - Check plugin projectmanager
2024-03-16 22:22:20,717 [INFO] PluginManage:359 - Loaded plugin projectmanager (category:projectmanager,tabindex:3)
2024-03-16 22:22:20,717 [INFO] PluginManage:310 - Check plugin thirdparty
2024-03-16 22:22:20,832 [INFO] PluginManage:359 - Loaded plugin thirdparty (category:base,tabindex:-1)
2024-03-16 22:22:20,831 [WARN] IntegrityCheckThread:84 - waiting for thirdparty lock release [integrity check]
2024-03-16 22:22:20,832 [INFO] PluginManage:310 - Check plugin tools
2024-03-16 22:22:20,832 [INFO] IntegrityCheckThread:86 - entering critical section [integrity check]
2024-03-16 22:22:20,833 [INFO] PluginManage:359 - Loaded plugin tools (category:base,tabindex:7)
2024-03-16 22:22:20,834 [INFO] PluginManage:310 - Check plugin tutovideos
2024-03-16 22:22:20,834 [INFO] ThirdPartyUpdaterWithRetryManager:70 - Updater plugin not ready yet. [1/15]
2024-03-16 22:22:21,057 [INFO] PluginManage:359 - Loaded plugin tutovideos (category:base,tabindex:-1)
2024-03-16 22:22:21,057 [INFO] PluginManage:310 - Check plugin updater
2024-03-16 22:22:21,079 [INFO] PluginManage:359 - Loaded plugin updater (category:base,tabindex:12)
2024-03-16 22:22:21,080 [INFO] PluginManage:283 - PluginManage : Loaded plugins [15]
2024-03-16 22:22:21,287 [INFO] PinOutPanel:1499 - setPackage(No Configuration,No Configuration)
2024-03-16 22:22:21,346 [INFO] CADModel:165 - CPN selected for project level
2024-03-16 22:22:21,346 [INFO] CADModel:114 - Register for checkConnection events
2024-03-16 22:22:21,360 [INFO] IPUIPlugin:80 - create IPUIPlugin
2024-03-16 22:22:21,361 [INFO] PluginManager:220 - loadIPPluginJar : add mdma
2024-03-16 22:22:21,370 [INFO] IPUIPlugin:80 - create IPUIPlugin
2024-03-16 22:22:21,370 [INFO] PluginManager:220 - loadIPPluginJar : add freertos
2024-03-16 22:22:21,376 [INFO] IPUIPlugin:80 - create IPUIPlugin
2024-03-16 22:22:21,376 [INFO] PluginManager:220 - loadIPPluginJar : add gic
2024-03-16 22:22:21,390 [INFO] IPUIPlugin:80 - create IPUIPlugin
2024-03-16 22:22:21,391 [INFO] PluginManager:220 - loadIPPluginJar : add adc
2024-03-16 22:22:21,393 [INFO] IPUIPlugin:80 - create IPUIPlugin
2024-03-16 22:22:21,394 [INFO] PluginManager:220 - loadIPPluginJar : add gtzc
2024-03-16 22:22:21,395 [INFO] IPUIPlugin:80 - create IPUIPlugin
2024-03-16 22:22:21,395 [INFO] PluginManager:220 - loadIPPluginJar : add quadspi
2024-03-16 22:22:21,398 [INFO] IPUIPlugin:80 - create IPUIPlugin
2024-03-16 22:22:21,398 [INFO] PluginManager:220 - loadIPPluginJar : add aes
2024-03-16 22:22:21,401 [INFO] IPUIPlugin:80 - create IPUIPlugin
2024-03-16 22:22:21,401 [INFO] PluginManager:220 - loadIPPluginJar : add pdm2pcm
2024-03-16 22:22:21,403 [INFO] IPUIPlugin:80 - create IPUIPlugin
2024-03-16 22:22:21,403 [INFO] PluginManager:220 - loadIPPluginJar : add hash
2024-03-16 22:22:21,404 [INFO] IPUIPlugin:80 - create IPUIPlugin
2024-03-16 22:22:21,404 [INFO] PluginManager:220 - loadIPPluginJar : add tim
2024-03-16 22:22:21,406 [INFO] IPUIPlugin:80 - create IPUIPlugin
2024-03-16 22:22:21,406 [INFO] PluginManager:220 - loadIPPluginJar : add tsc
2024-03-16 22:22:21,407 [INFO] IPUIPlugin:80 - create IPUIPlugin
2024-03-16 22:22:21,407 [INFO] PluginManager:220 - loadIPPluginJar : add ts
2024-03-16 22:22:21,409 [INFO] IPUIPlugin:80 - create IPUIPlugin
2024-03-16 22:22:21,410 [INFO] PluginManager:220 - loadIPPluginJar : add can
2024-03-16 22:22:21,412 [INFO] IPUIPlugin:80 - create IPUIPlugin
2024-03-16 22:22:21,412 [INFO] PluginManager:220 - loadIPPluginJar : add dma3
2024-03-16 22:22:21,414 [INFO] IPUIPlugin:80 - create IPUIPlugin
2024-03-16 22:22:21,414 [INFO] PluginManager:220 - loadIPPluginJar : add dfsdm
2024-03-16 22:22:21,417 [INFO] IPUIPlugin:80 - create IPUIPlugin
2024-03-16 22:22:21,417 [INFO] PluginManager:220 - loadIPPluginJar : add spi
2024-03-16 22:22:21,419 [INFO] IPUIPlugin:80 - create IPUIPlugin
2024-03-16 22:22:21,419 [INFO] PluginManager:220 - loadIPPluginJar : add gfxmmu
2024-03-16 22:22:21,420 [INFO] IPUIPlugin:80 - create IPUIPlugin
2024-03-16 22:22:21,421 [INFO] PluginManager:220 - loadIPPluginJar : add genericplugin
2024-03-16 22:22:21,423 [INFO] IPUIPlugin:80 - create IPUIPlugin
2024-03-16 22:22:21,423 [INFO] PluginManager:220 - loadIPPluginJar : add cryp
2024-03-16 22:22:21,428 [INFO] IPUIPlugin:80 - create IPUIPlugin
2024-03-16 22:22:21,428 [INFO] PluginManager:220 - loadIPPluginJar : add gpio
2024-03-16 22:22:21,429 [INFO] IPUIPlugin:80 - create IPUIPlugin
2024-03-16 22:22:21,429 [INFO] PluginManager:220 - loadIPPluginJar : add comp
2024-03-16 22:22:21,431 [INFO] IPUIPlugin:80 - create IPUIPlugin
2024-03-16 22:22:21,431 [INFO] PluginManager:220 - loadIPPluginJar : add tracer_emb
2024-03-16 22:22:21,434 [INFO] IPUIPlugin:80 - create IPUIPlugin
2024-03-16 22:22:21,435 [INFO] PluginManager:220 - loadIPPluginJar : add openamp
2024-03-16 22:22:21,440 [INFO] IPUIPlugin:80 - create IPUIPlugin
2024-03-16 22:22:21,440 [INFO] PluginManager:220 - loadIPPluginJar : add stm32_wpan
2024-03-16 22:22:21,447 [INFO] IPUIPlugin:80 - create IPUIPlugin
2024-03-16 22:22:21,451 [INFO] PluginManager:220 - loadIPPluginJar : add plateformsettings
2024-03-16 22:22:21,454 [INFO] IPUIPlugin:80 - create IPUIPlugin
2024-03-16 22:22:21,455 [INFO] PluginManager:220 - loadIPPluginJar : add ipddr
2024-03-16 22:22:21,457 [INFO] IPUIPlugin:80 - create IPUIPlugin
2024-03-16 22:22:21,457 [INFO] PluginManager:220 - loadIPPluginJar : add usart
2024-03-16 22:22:21,459 [INFO] IPUIPlugin:80 - create IPUIPlugin
2024-03-16 22:22:21,459 [INFO] PluginManager:220 - loadIPPluginJar : add ltdc
2024-03-16 22:22:21,463 [INFO] IPUIPlugin:80 - create IPUIPlugin
2024-03-16 22:22:21,463 [INFO] PluginManager:220 - loadIPPluginJar : add nvic
2024-03-16 22:22:21,464 [INFO] IPUIPlugin:80 - create IPUIPlugin
2024-03-16 22:22:21,464 [INFO] PluginManager:220 - loadIPPluginJar : add fatfs
2024-03-16 22:22:21,480 [INFO] IPUIPlugin:80 - create IPUIPlugin
2024-03-16 22:22:21,480 [INFO] PluginManager:220 - loadIPPluginJar : add linkedlist
2024-03-16 22:22:21,488 [INFO] IPUIPlugin:80 - create IPUIPlugin
2024-03-16 22:22:21,488 [INFO] PluginManager:220 - loadIPPluginJar : add dma
2024-03-16 22:22:21,493 [INFO] IPUIPlugin:80 - create IPUIPlugin
2024-03-16 22:22:21,493 [INFO] PluginManager:220 - loadIPPluginJar : add fmc
2024-03-16 22:22:21,495 [INFO] IPUIPlugin:80 - create IPUIPlugin
2024-03-16 22:22:21,495 [INFO] PluginManager:220 - loadIPPluginJar : add i2s
2024-03-16 22:22:21,496 [INFO] IPUIPlugin:80 - create IPUIPlugin
2024-03-16 22:22:21,496 [INFO] PluginManager:220 - loadIPPluginJar : add ucpd
2024-03-16 22:22:21,498 [INFO] IPUIPlugin:80 - create IPUIPlugin
2024-03-16 22:22:21,499 [INFO] PluginManager:220 - loadIPPluginJar : add lorawan
2024-03-16 22:22:21,501 [INFO] IPUIPlugin:80 - create IPUIPlugin
2024-03-16 22:22:21,501 [INFO] PluginManager:220 - loadIPPluginJar : add opamp
2024-03-16 22:22:21,503 [INFO] IPUIPlugin:80 - create IPUIPlugin
2024-03-16 22:22:21,503 [INFO] PluginManager:220 - loadIPPluginJar : add i3c
2024-03-16 22:22:21,505 [INFO] IPUIPlugin:80 - create IPUIPlugin
2024-03-16 22:22:21,505 [INFO] PluginManager:220 - loadIPPluginJar : add touchsensing
2024-03-16 22:22:21,507 [INFO] IPUIPlugin:80 - create IPUIPlugin
2024-03-16 22:22:21,508 [INFO] PluginManager:220 - loadIPPluginJar : add i2c
2024-03-16 22:22:21,511 [INFO] IPUIPlugin:80 - create IPUIPlugin
2024-03-16 22:22:21,511 [INFO] PluginManager:220 - loadIPPluginJar : add resmgrutility
2024-03-16 22:22:21,514 [INFO] IPUIPlugin:80 - create IPUIPlugin
2024-03-16 22:22:21,514 [INFO] PluginManager:220 - loadIPPluginJar : add sai
2024-03-16 22:22:21,517 [INFO] IPUIPlugin:80 - create IPUIPlugin
2024-03-16 22:22:21,517 [INFO] PluginManager:220 - loadIPPluginJar : add usbx
2024-03-16 22:22:21,621 [INFO] CADModel:165 - CPN selected for project level
2024-03-16 22:22:21,622 [INFO] CADModel:114 - Register for checkConnection events
2024-03-16 22:22:21,622 [FATAL] Updater:308 - Updater called before beeing initialized
2024-03-16 22:22:21,622 [ERROR] CADModel:125 - Updater not yet initialized, retry later 
2024-03-16 22:22:21,733 [INFO] CADModel:165 - CPN selected for project level
2024-03-16 22:22:21,734 [INFO] CADModel:114 - Register for checkConnection events
2024-03-16 22:22:21,734 [FATAL] Updater:308 - Updater called before beeing initialized
2024-03-16 22:22:21,734 [ERROR] CADModel:125 - Updater not yet initialized, retry later 
2024-03-16 22:22:21,738 [FATAL] Updater:308 - Updater called before beeing initialized
2024-03-16 22:22:21,813 [FATAL] Updater:308 - Updater called before beeing initialized
2024-03-16 22:22:21,821 [INFO] DbMcusAds:53 - JSON generation date=Wed Nov 29 11:52:27 CET 2023 (1701255147349)
2024-03-16 22:22:21,821 [FATAL] Updater:308 - Updater called before beeing initialized
2024-03-16 22:22:21,885 [WARN] DetailPanel:346 - Failed to get advertising image, set to default
2024-03-16 22:22:22,053 [FATAL] Updater:308 - Updater called before beeing initialized
2024-03-16 22:22:22,056 [FATAL] Updater:308 - Updater called before beeing initialized
2024-03-16 22:22:22,056 [FATAL] Updater:308 - Updater called before beeing initialized
2024-03-16 22:22:22,056 [WARN] DetailPanel:346 - Failed to get advertising image, set to default
2024-03-16 22:22:22,057 [FATAL] Updater:308 - Updater called before beeing initialized
2024-03-16 22:22:22,086 [ERROR] Updater:1120 - MainUpdater not yet initialized. External WinMGr cannot be set.
2024-03-16 22:22:22,122 [INFO] Updater:1056 - Updater Version found : 6.8.1
2024-03-16 22:22:22,142 [INFO] ApplicationProperties:184 - Using Application install path: /Applications/STM32CubeIDE.app/Contents/Eclipse/plugins/com.st.stm32cube.common.mx_6.8.1.202304191431
2024-03-16 22:22:22,253 [ERROR] LogOutputStream:75 - [STDERR_REDIRECT] java.net.BindException: Permission denied (Bind failed)
2024-03-16 22:22:22,253 [ERROR] LogOutputStream:75 - [STDERR_REDIRECT] 	at java.base/java.net.PlainDatagramSocketImpl.bind0(Native Method)
2024-03-16 22:22:22,254 [ERROR] LogOutputStream:75 - [STDERR_REDIRECT] 	at java.base/java.net.AbstractPlainDatagramSocketImpl.bind(AbstractPlainDatagramSocketImpl.java:135)
2024-03-16 22:22:22,254 [ERROR] LogOutputStream:75 - [STDERR_REDIRECT] 	at java.base/java.net.DatagramSocket.bind(DatagramSocket.java:394)
2024-03-16 22:22:22,254 [ERROR] LogOutputStream:75 - [STDERR_REDIRECT] 	at java.base/java.net.DatagramSocket.<init>(DatagramSocket.java:244)
2024-03-16 22:22:22,255 [ERROR] LogOutputStream:75 - [STDERR_REDIRECT] 	at java.base/java.net.DatagramSocket.<init>(DatagramSocket.java:301)
2024-03-16 22:22:22,255 [ERROR] LogOutputStream:75 - [STDERR_REDIRECT] 	at com.github.markusbernhardt.proxy.search.wpad.dhcp.DHCPSocket.<init>(DHCPSocket.java:62)
2024-03-16 22:22:22,255 [ERROR] LogOutputStream:75 - [STDERR_REDIRECT] 	at com.github.markusbernhardt.proxy.search.wpad.WpadProxySearchStrategy.checkDhcpAckForPAC(WpadProxySearchStrategy.java:213)
2024-03-16 22:22:22,255 [ERROR] LogOutputStream:75 - [STDERR_REDIRECT] 	at com.github.markusbernhardt.proxy.search.wpad.WpadProxySearchStrategy.detectScriptUrlPerDHCP(WpadProxySearchStrategy.java:193)
2024-03-16 22:22:22,255 [ERROR] LogOutputStream:75 - [STDERR_REDIRECT] 	at com.github.markusbernhardt.proxy.search.wpad.WpadProxySearchStrategy.getProxySelector(WpadProxySearchStrategy.java:70)
2024-03-16 22:22:22,256 [ERROR] LogOutputStream:75 - [STDERR_REDIRECT] 	at com.github.markusbernhardt.proxy.search.desktop.osx.OsxProxySearchStrategy.autodetectProxyIfAvailable(OsxProxySearchStrategy.java:303)
2024-03-16 22:22:22,256 [ERROR] LogOutputStream:75 - [STDERR_REDIRECT] 	at com.github.markusbernhardt.proxy.search.desktop.osx.OsxProxySearchStrategy.buildSelector(OsxProxySearchStrategy.java:165)
2024-03-16 22:22:22,256 [ERROR] LogOutputStream:75 - [STDERR_REDIRECT] 	at com.github.markusbernhardt.proxy.search.desktop.osx.OsxProxySearchStrategy.getProxySelector(OsxProxySearchStrategy.java:127)
2024-03-16 22:22:22,256 [ERROR] LogOutputStream:75 - [STDERR_REDIRECT] 	at com.github.markusbernhardt.proxy.search.desktop.DesktopProxySearchStrategy.getProxySelector(DesktopProxySearchStrategy.java:38)
2024-03-16 22:22:22,256 [ERROR] LogOutputStream:75 - [STDERR_REDIRECT] 	at com.github.markusbernhardt.proxy.search.browser.firefox.FirefoxProxySearchStrategy.getProxySelector(FirefoxProxySearchStrategy.java:113)
2024-03-16 22:22:22,257 [ERROR] LogOutputStream:75 - [STDERR_REDIRECT] 	at com.github.markusbernhardt.proxy.ProxySearch.getProxySelector(ProxySearch.java:222)
2024-03-16 22:22:22,257 [ERROR] LogOutputStream:75 - [STDERR_REDIRECT] 	at com.st.microxplorer.plugins.updater.engine.ServerAccessManage$ProxyFinder.<init>(ServerAccessManage.java:1532)
2024-03-16 22:22:22,257 [ERROR] LogOutputStream:75 - [STDERR_REDIRECT] 	at com.st.microxplorer.plugins.updater.engine.ServerAccessManage.getExtendedSystemProxyList(ServerAccessManage.java:1356)
2024-03-16 22:22:22,258 [ERROR] LogOutputStream:75 - [STDERR_REDIRECT] 	at com.st.microxplorer.plugins.updater.engine.ServerAccessManage.defineProxy(ServerAccessManage.java:1258)
2024-03-16 22:22:22,258 [ERROR] LogOutputStream:75 - [STDERR_REDIRECT] 	at com.st.microxplorer.plugins.updater.engine.ServerAccessManage.applyProxySettingsAndAuthentication(ServerAccessManage.java:340)
2024-03-16 22:22:22,258 [ERROR] LogOutputStream:75 - [STDERR_REDIRECT] 	at com.st.microxplorer.plugins.updater.engine.ServerAccessManage.openHttpConnexion(ServerAccessManage.java:1001)
2024-03-16 22:22:22,258 [ERROR] LogOutputStream:75 - [STDERR_REDIRECT] 	at com.st.microxplorer.plugins.updater.engine.ServerAccessManage.getHttpFileSize(ServerAccessManage.java:706)
2024-03-16 22:22:22,258 [ERROR] LogOutputStream:75 - [STDERR_REDIRECT] 	at com.st.microxplorer.plugins.updater.engine.LoadServerUpdatesThread.performUpdaterHttpAccessCheck(LoadServerUpdatesThread.java:590)
2024-03-16 22:22:22,259 [ERROR] LogOutputStream:75 - [STDERR_REDIRECT] 	at com.st.microxplorer.plugins.updater.engine.LoadServerUpdatesThread.performConnectionCheckNoThread(LoadServerUpdatesThread.java:261)
2024-03-16 22:22:22,259 [ERROR] LogOutputStream:75 - [STDERR_REDIRECT] 	at com.st.microxplorer.plugins.updater.engine.MainUpdater.performConnectionCheck(MainUpdater.java:2835)
2024-03-16 22:22:22,259 [ERROR] LogOutputStream:75 - [STDERR_REDIRECT] 	at com.st.microxplorer.plugins.updater.engine.MainUpdater.<init>(MainUpdater.java:279)
2024-03-16 22:22:22,259 [ERROR] LogOutputStream:75 - [STDERR_REDIRECT] 	at com.st.microxplorer.plugins.updater.Updater.initPhase2(Updater.java:1084)
2024-03-16 22:22:22,259 [ERROR] LogOutputStream:75 - [STDERR_REDIRECT] 	at com.st.microxplorer.plugins.updater.Updater.setUserPreferencesHandler(Updater.java:1138)
2024-03-16 22:22:22,260 [ERROR] LogOutputStream:75 - [STDERR_REDIRECT] 	at com.st.stm32cube.common.mx.core.CubeMxInstance.<init>(CubeMxInstance.java:140)
2024-03-16 22:22:22,260 [ERROR] LogOutputStream:75 - [STDERR_REDIRECT] 	at com.st.stm32cube.common.mx.core.CubeMxInstance.getInstance(CubeMxInstance.java:91)
2024-03-16 22:22:22,260 [ERROR] LogOutputStream:75 - [STDERR_REDIRECT] 	at com.st.stm32cube.common.mx.targetselector.TargetSelectorAdapter.addTargetSelector(TargetSelectorAdapter.java:170)
2024-03-16 22:22:22,260 [ERROR] LogOutputStream:75 - [STDERR_REDIRECT] 	at com.st.stm32cube.common.projectcreation.ui.wizard.TargetSetupPageAbstract.createControl(TargetSetupPageAbstract.java:131)
2024-03-16 22:22:22,260 [ERROR] LogOutputStream:75 - [STDERR_REDIRECT] 	at org.eclipse.jface.wizard.Wizard.createPageControls(Wizard.java:178)
2024-03-16 22:22:22,260 [ERROR] LogOutputStream:75 - [STDERR_REDIRECT] 	at org.eclipse.jface.wizard.WizardDialog.createPageControls(WizardDialog.java:743)
2024-03-16 22:22:22,261 [ERROR] LogOutputStream:75 - [STDERR_REDIRECT] 	at org.eclipse.jface.wizard.WizardDialog.createContents(WizardDialog.java:635)
2024-03-16 22:22:22,261 [ERROR] LogOutputStream:75 - [STDERR_REDIRECT] 	at org.eclipse.jface.window.Window.create(Window.java:431)
2024-03-16 22:22:22,261 [ERROR] LogOutputStream:75 - [STDERR_REDIRECT] 	at org.eclipse.jface.dialogs.Dialog.create(Dialog.java:1094)
2024-03-16 22:22:22,261 [ERROR] LogOutputStream:75 - [STDERR_REDIRECT] 	at org.eclipse.ui.internal.actions.NewWizardShortcutAction.run(NewWizardShortcutAction.java:119)
2024-03-16 22:22:22,261 [ERROR] LogOutputStream:75 - [STDERR_REDIRECT] 	at org.eclipse.jface.action.Action.runWithEvent(Action.java:474)
2024-03-16 22:22:22,262 [ERROR] LogOutputStream:75 - [STDERR_REDIRECT] 	at org.eclipse.jface.action.ActionContributionItem.handleWidgetSelection(ActionContributionItem.java:580)
2024-03-16 22:22:22,262 [ERROR] LogOutputStream:75 - [STDERR_REDIRECT] 	at org.eclipse.jface.action.ActionContributionItem.lambda$4(ActionContributionItem.java:414)
2024-03-16 22:22:22,262 [ERROR] LogOutputStream:75 - [STDERR_REDIRECT] 	at org.eclipse.swt.widgets.EventTable.sendEvent(EventTable.java:89)
2024-03-16 22:22:22,262 [ERROR] LogOutputStream:75 - [STDERR_REDIRECT] 	at org.eclipse.swt.widgets.Display.sendEvent(Display.java:4579)
2024-03-16 22:22:22,263 [ERROR] LogOutputStream:75 - [STDERR_REDIRECT] 	at org.eclipse.swt.widgets.Widget.sendEvent(Widget.java:1524)
2024-03-16 22:22:22,263 [ERROR] LogOutputStream:75 - [STDERR_REDIRECT] 	at org.eclipse.swt.widgets.Widget.sendEvent(Widget.java:1547)
2024-03-16 22:22:22,263 [ERROR] LogOutputStream:75 - [STDERR_REDIRECT] 	at org.eclipse.swt.widgets.Widget.sendEvent(Widget.java:1532)
2024-03-16 22:22:22,263 [ERROR] LogOutputStream:75 - [STDERR_REDIRECT] 	at org.eclipse.swt.widgets.Widget.notifyListeners(Widget.java:1325)
2024-03-16 22:22:22,263 [ERROR] LogOutputStream:75 - [STDERR_REDIRECT] 	at org.eclipse.swt.widgets.Display.runDeferredEvents(Display.java:4365)
2024-03-16 22:22:22,263 [ERROR] LogOutputStream:75 - [STDERR_REDIRECT] 	at org.eclipse.swt.widgets.Display.readAndDispatch(Display.java:3941)
2024-03-16 22:22:22,264 [ERROR] LogOutputStream:75 - [STDERR_REDIRECT] 	at org.eclipse.e4.ui.internal.workbench.swt.PartRenderingEngine$5.run(PartRenderingEngine.java:1155)
2024-03-16 22:22:22,264 [ERROR] LogOutputStream:75 - [STDERR_REDIRECT] 	at org.eclipse.core.databinding.observable.Realm.runWithDefault(Realm.java:338)
2024-03-16 22:22:22,264 [ERROR] LogOutputStream:75 - [STDERR_REDIRECT] 	at org.eclipse.e4.ui.internal.workbench.swt.PartRenderingEngine.run(PartRenderingEngine.java:1046)
2024-03-16 22:22:22,264 [ERROR] LogOutputStream:75 - [STDERR_REDIRECT] 	at org.eclipse.e4.ui.internal.workbench.E4Workbench.createAndRunUI(E4Workbench.java:155)
2024-03-16 22:22:22,264 [ERROR] LogOutputStream:75 - [STDERR_REDIRECT] 	at org.eclipse.ui.internal.Workbench.lambda$3(Workbench.java:644)
2024-03-16 22:22:22,264 [ERROR] LogOutputStream:75 - [STDERR_REDIRECT] 	at org.eclipse.core.databinding.observable.Realm.runWithDefault(Realm.java:338)
2024-03-16 22:22:22,265 [ERROR] LogOutputStream:75 - [STDERR_REDIRECT] 	at org.eclipse.ui.internal.Workbench.createAndRunWorkbench(Workbench.java:551)
2024-03-16 22:22:22,265 [ERROR] LogOutputStream:75 - [STDERR_REDIRECT] 	at org.eclipse.ui.PlatformUI.createAndRunWorkbench(PlatformUI.java:156)
2024-03-16 22:22:22,265 [ERROR] LogOutputStream:75 - [STDERR_REDIRECT] 	at org.eclipse.ui.internal.ide.application.IDEApplication.start(IDEApplication.java:152)
2024-03-16 22:22:22,265 [ERROR] LogOutputStream:75 - [STDERR_REDIRECT] 	at org.eclipse.equinox.internal.app.EclipseAppHandle.run(EclipseAppHandle.java:203)
2024-03-16 22:22:22,265 [ERROR] LogOutputStream:75 - [STDERR_REDIRECT] 	at org.eclipse.core.runtime.internal.adaptor.EclipseAppLauncher.runApplication(EclipseAppLauncher.java:136)
2024-03-16 22:22:22,265 [ERROR] LogOutputStream:75 - [STDERR_REDIRECT] 	at org.eclipse.core.runtime.internal.adaptor.EclipseAppLauncher.start(EclipseAppLauncher.java:104)
2024-03-16 22:22:22,266 [ERROR] LogOutputStream:75 - [STDERR_REDIRECT] 	at org.eclipse.core.runtime.adaptor.EclipseStarter.run(EclipseStarter.java:401)
2024-03-16 22:22:22,266 [ERROR] LogOutputStream:75 - [STDERR_REDIRECT] 	at org.eclipse.core.runtime.adaptor.EclipseStarter.run(EclipseStarter.java:255)
2024-03-16 22:22:22,266 [ERROR] LogOutputStream:75 - [STDERR_REDIRECT] 	at java.base/jdk.internal.reflect.NativeMethodAccessorImpl.invoke0(Native Method)
2024-03-16 22:22:22,266 [ERROR] LogOutputStream:75 - [STDERR_REDIRECT] 	at java.base/jdk.internal.reflect.NativeMethodAccessorImpl.invoke(NativeMethodAccessorImpl.java:62)
2024-03-16 22:22:22,266 [ERROR] LogOutputStream:75 - [STDERR_REDIRECT] 	at java.base/jdk.internal.reflect.DelegatingMethodAccessorImpl.invoke(DelegatingMethodAccessorImpl.java:43)
2024-03-16 22:22:22,267 [ERROR] LogOutputStream:75 - [STDERR_REDIRECT] 	at java.base/java.lang.reflect.Method.invoke(Method.java:566)
2024-03-16 22:22:22,267 [ERROR] LogOutputStream:75 - [STDERR_REDIRECT] 	at org.eclipse.equinox.launcher.Main.invokeFramework(Main.java:659)
2024-03-16 22:22:22,267 [ERROR] LogOutputStream:75 - [STDERR_REDIRECT] 	at org.eclipse.equinox.launcher.Main.basicRun(Main.java:596)
2024-03-16 22:22:22,267 [ERROR] LogOutputStream:75 - [STDERR_REDIRECT] 	at org.eclipse.equinox.launcher.Main.run(Main.java:1467)
2024-03-16 22:22:22,333 [INFO] MainUpdater:2854 - connection check result : 10
2024-03-16 22:22:22,334 [INFO] MainUpdater:283 - Updater Check For Update Now.
2024-03-16 22:22:22,334 [INFO] MicroXplorer:498 - Change Database Version : DB.6.0.81
2024-03-16 22:22:22,524 [INFO] CheckServerUpdateThread:120 - End of CheckServer Thread
2024-03-16 22:22:22,543 [INFO] MainUpdater:2854 - connection check result : 10
2024-03-16 22:22:22,902 [INFO] ApiDb:581 - Connected to CubeFinder SQLite database (/Users/michal/.stmcufinder/plugins/mcufinder/mcu/cube-finder-db.db)
2024-03-16 22:22:22,965 [INFO] ApiDb:668 - CubeFinder database Data Model version=2.1
2024-03-16 22:22:22,965 [INFO] ApiDb:669 - CubeFinder database Configuration version=3.0.39
2024-03-16 22:22:22,965 [INFO] ApiDb:670 - CubeFinder database generation date=2024-02-19 (1708350410)
2024-03-16 22:22:22,965 [INFO] ApiDb:671 - CubeFinder database FW Pack versions=[FP-ATR-ASTRA1_V2.0.0, FP-SNS-FLIGHT1_V5.0.1, FP-SNS-FLIGHT1_V5.0.2, FP-SNS-MOTENV1_V4.3.1, FP-SNS-MOTENV1_V4.3.2, FP-SNS-MOTENVWB1_V1.3.1, FP-SNS-SMARTAG2_V1.2.0, STM32Cube_FW_C0_V1.1.0, STM32Cube_FW_F4_V1.28.0, STM32Cube_FW_F7_V1.17.0, STM32Cube_FW_G0_V1.6.2, STM32Cube_FW_G4_V1.5.2, STM32Cube_FW_H5_V0.5.1, STM32Cube_FW_H5_V1.1.1, STM32Cube_FW_H5_V1.2.0RC2, STM32Cube_FW_H7_V1.11.0, STM32Cube_FW_L0_V1.12.2, STM32Cube_FW_L5_V1.5.0, STM32Cube_FW_U5_V1.3.0RC4, STM32Cube_FW_U5_V1.4.0, STM32Cube_FW_WBA_V1.0.0RC1, STM32Cube_FW_WBA_V1.1.0RC1, STM32Cube_FW_WBA_V1.2.0, STM32Cube_FW_WBA_V1.2.0RC2, STM32Cube_FW_WB_V1.15.0RC1, STM32Cube_FW_WB_V1.16.0, STM32Cube_FW_WB_V1.16.0RC2, STM32Cube_FW_WB_V1.18.0, STM32Cube_FW_WL_V1.3.0, X-CUBE-ALGOBUILD_V1.3.0, X-CUBE-ALS_V1.0.1, X-CUBE-AZRTOS-F4_V1.1.0, X-CUBE-AZRTOS-F7_V1.1.0, X-CUBE-AZRTOS-G0_V1.1.0, X-CUBE-AZRTOS-G4_V2.0.0, X-CUBE-AZRTOS-H7_V3.2.0, X-CUBE-AZRTOS-L4_V1.0.0, X-CUBE-AZRTOS-L4_V2.0.0, X-CUBE-AZRTOS-L5_V1.1.0, X-CUBE-AZRTOS-WB_V2.0.0, X-CUBE-AZRTOS-WL_V2.0.0, X-CUBE-BLE1_V7.0.0, X-CUBE-BLE2_V3.3.0, X-CUBE-BLEMGR_V3.0.0, X-CUBE-EEPRMA1_V4.1.0, X-CUBE-EEPRMA1_V5.1.0, X-CUBE-FREERTOS_V1.1.0, X-CUBE-GNSS1_V6.0.0, X-CUBE-MEMS1_V10.0.0, X-CUBE-MEMS1_V9.1.0, X-CUBE-MEMS1_V9.4.0, X-CUBE-MEMS1_V9.6.0, X-CUBE-NFC4_V3.0.0, X-CUBE-NFC7_V1.0.1, X-CUBE-SFXS2LP1_V4.0.0, X-CUBE-SUBG2_V5.0.0, X-CUBE-TOF1_V3.4.0]
2024-03-16 22:22:23,146 [INFO] DbBoardsSqlite:226 - include board P-NUCLEO-WB55-NUCLEO as a kit item of type 'Nucleo-64'
2024-03-16 22:22:23,147 [INFO] DbBoardsSqlite:226 - include board P-NUCLEO-WB55-USBDONGLE as a kit item of type 'Nucleo USB Dongle'
2024-03-16 22:22:23,149 [INFO] DbBoardsSqlite:226 - include board STEVAL-IDP005V1 as a kit item of type 'Evaluation Board'
2024-03-16 22:22:23,149 [INFO] DbBoardsSqlite:226 - include board STEVAL-IDP005V2 as a kit item of type 'Evaluation Board'
2024-03-16 22:22:23,442 [INFO] ApiDb:240 - Found 297 in-development CPN: [B-G473E-ZEST1S, B-WB1M-WPAN1, B-WL5M-SUBG1, NUCLEO-C031C6, NUCLEO-H503RB, NUCLEO-H563ZI, NUCLEO-U545RE-Q, NUCLEO-U5A5ZJ-Q, NUCLEO-WBA52CG, STEVAL-PROTEUS1, STEVAL-STWINBX1, STM320518-EVAL, STM32C0116-DK, STM32C011D6Y3TR, STM32C011D6Y6TR, STM32C011F4P3, STM32C011F4P6, STM32C011F4U3, STM32C011F4U6TR, STM32C011F6P3, STM32C011F6P6, STM32C011F6U3, STM32C011F6U6TR, STM32C011J4M3, STM32C011J4M6, STM32C011J6M3, STM32C011J6M6, STM32C0316-DK, STM32C031C4T3, STM32C031C4T6, STM32C031C4U3, STM32C031C4U6, STM32C031C6T3, STM32C031C6T6, STM32C031C6U3, STM32C031C6U6, STM32C031F4P3, STM32C031F4P6, STM32C031F6P3, STM32C031F6P6, STM32C031G4U3, STM32C031G4U6, STM32C031G6U3, STM32C031G6U6, STM32C031K4T3, STM32C031K4T6, STM32C031K4U3, STM32C031K4U6, STM32C031K6T3, STM32C031K6T6, STM32C031K6U3, STM32C031K6U6, STM32G071K8TXN, STM32G071K8UXN, STM32G081GBU6N, STM32G081KBT6N, STM32G081KBUXN, STM32G0B1CCT6N, STM32G0B1KCT6, STM32G0B1NEY6TR, STM32G0B1RCT6N, STM32G0C1CCT6, STM32G0C1CCT6N, STM32G0C1CCU6N, STM32G0C1CET6N, STM32G0C1CEU6N, STM32G0C1KCT6, STM32G0C1NEY6TR, STM32G0C1RCI6N, STM32G0C1RCT6N, STM32G0C1REI6N, STM32G0C1RET6N, STM32G0C1VCI6, STM32G0C1VEI6, STM32G471CCT6, STM32G471CCU6, STM32G471CET3, STM32G471CET6, STM32G471CEU3, STM32G471CEU6, STM32G471MCT6, STM32G471MET3, STM32G471MET6, STM32G471MEY6TR, STM32G471QCT6, STM32G471QET3, STM32G471RCT6, STM32G471RET3, STM32G471RET6, STM32G471VCH6, STM32G471VCI6, STM32G471VCT6, STM32G471VEH3, STM32G471VEH6, STM32G471VEI3, STM32G471VEI6, STM32G471VET3, STM32G471VET6, STM32G474CCT6, STM32H503CBT6, STM32H503CBU6, STM32H503EBY6TR, STM32H503KBU6, STM32H503RBT6, STM32H562AGI6, STM32H562AII6, STM32H562IGK6, STM32H562IGT6, STM32H562IIK6, STM32H562IIT6, STM32H562RGT6, STM32H562RGV6, STM32H562RIT6, STM32H562RIV6, STM32H562VGT6, STM32H562VIT6, STM32H562ZGT6, STM32H562ZIT6, STM32H563AGI6, STM32H563AII3Q, STM32H563AII6, STM32H563IGK6, STM32H563IGT6, STM32H563IIK3Q, STM32H563IIK6, STM32H563IIT3Q, STM32H563IIT6, STM32H563MIY3QTR, STM32H563RGT6, STM32H563RGV6, STM32H563RIT6, STM32H563RIV6, STM32H563VGT6, STM32H563VIT3Q, STM32H563VIT6, STM32H563ZGT6, STM32H563ZIT3Q, STM32H563ZIT6, STM32H573AII3Q, STM32H573AII6, STM32H573I-DK, STM32H573IIK3Q, STM32H573IIK6, STM32H573IIT3Q, STM32H573IIT6, STM32H573MIY3QTR, STM32H573RIT6, STM32H573RIV6, STM32H573VIT3Q, STM32H573VIT6, STM32H573ZIT3Q, STM32H573ZIT6, STM32L4R5QGI6STR, STM32MP131AAE3, STM32MP131AAF3, STM32MP131AAG3, STM32MP131CAE3, STM32MP131CAF3, STM32MP131CAG3, STM32MP131DAE7, STM32MP131DAF7, STM32MP131DAG7, STM32MP131FAE7, STM32MP131FAF7, STM32MP131FAG7, STM32MP133AAE3, STM32MP133AAF3, STM32MP133AAG3, STM32MP133CAE3, STM32MP133CAF3, STM32MP133CAG3, STM32MP133DAE7, STM32MP133DAF7, STM32MP133DAG7, STM32MP133FAE7, STM32MP133FAF7, STM32MP133FAG7, STM32MP135AAE3, STM32MP135AAF3, STM32MP135AAG3, STM32MP135CAE3, STM32MP135CAF3, STM32MP135CAG3, STM32MP135DAE7, STM32MP135DAF7, STM32MP135DAG7, STM32MP135F-DK, STM32MP135FAE7, STM32MP135FAF7, STM32MP135FAF7T, STM32MP135FAF7U, STM32MP135FAG7, STM32U535CBT6, STM32U535CBT6Q, STM32U535CBU6, STM32U535CBU6Q, STM32U535CCT6, STM32U535CCT6Q, STM32U535CCU6, STM32U535CCU6Q, STM32U535CET6, STM32U535CET6Q, STM32U535CEU6, STM32U535CEU6Q, STM32U535JEY6QTR, STM32U535NCY6QTR, STM32U535NEY6QTR, STM32U535RBI6, STM32U535RBI6Q, STM32U535RBT6, STM32U535RBT6Q, STM32U535RCI6, STM32U535RCI6Q, STM32U535RCT6, STM32U535RCT6Q, STM32U535REI6, STM32U535REI6Q, STM32U535RET6, STM32U535RET6Q, STM32U535VCI6, STM32U535VCI6Q, STM32U535VCT6, STM32U535VCT6Q, STM32U535VEI6, STM32U535VEI6Q, STM32U535VET6, STM32U535VET6Q, STM32U545CET6, STM32U545CET6Q, STM32U545CEU6, STM32U545CEU6Q, STM32U545JEY6QTR, STM32U545NEY6QTR, STM32U545REI6, STM32U545REI6Q, STM32U545RET6, STM32U545RET6Q, STM32U545VEI6, STM32U545VEI6Q, STM32U545VET6, STM32U545VET6Q, STM32U595AIH6, STM32U595AIH6Q, STM32U595AJH6, STM32U595AJH6Q, STM32U595QII6, STM32U595QII6Q, STM32U595QJI6, STM32U595QJI6Q, STM32U595RIT6, STM32U595RIT6Q, STM32U595RJT6, STM32U595RJT6Q, STM32U595VIT6, STM32U595VIT6Q, STM32U595VJT6, STM32U595VJT6Q, STM32U595ZIT6, STM32U595ZIT6Q, STM32U595ZIY6QTR, STM32U595ZJT6, STM32U595ZJT6Q, STM32U595ZJY6QTR, STM32U599BJY6QTR, STM32U599NIH6Q, STM32U599NJH6Q, STM32U599VIT6Q, STM32U599VJT6, STM32U599VJT6Q, STM32U599ZIT6Q, STM32U599ZIY6QTR, STM32U599ZJT6Q, STM32U599ZJY6QTR, STM32U5A5AJH6, STM32U5A5AJH6Q, STM32U5A5QJI6, STM32U5A5QJI6Q, STM32U5A5RJT6, STM32U5A5RJT6Q, STM32U5A5VJT6, STM32U5A5VJT6Q, STM32U5A5ZJT6, STM32U5A5ZJT6Q, STM32U5A5ZJY6QTR, STM32U5A9BJY6QTR, STM32U5A9J-DK, STM32U5A9NJH6Q, STM32U5A9VJT6Q, STM32U5A9ZJT6Q, STM32U5A9ZJY6QTR, STM32WB1MMCH6, STM32WBA52CEU6, STM32WBA52CEU6T, STM32WBA52CGU6, STM32WBA52CGU6T, STM32WL5MOCH6, STM32WL5MOCH6TR]
2024-03-16 22:22:23,448 [INFO] ApiDb:668 - CubeFinder database Data Model version=2.1
2024-03-16 22:22:23,448 [INFO] ApiDb:669 - CubeFinder database Configuration version=3.0.39
2024-03-16 22:22:23,448 [INFO] ApiDb:670 - CubeFinder database generation date=2024-02-19 (1708350410)
2024-03-16 22:22:23,448 [INFO] ApiDb:671 - CubeFinder database FW Pack versions=[FP-ATR-ASTRA1_V2.0.0, FP-SNS-FLIGHT1_V5.0.1, FP-SNS-FLIGHT1_V5.0.2, FP-SNS-MOTENV1_V4.3.1, FP-SNS-MOTENV1_V4.3.2, FP-SNS-MOTENVWB1_V1.3.1, FP-SNS-SMARTAG2_V1.2.0, STM32Cube_FW_C0_V1.1.0, STM32Cube_FW_F4_V1.28.0, STM32Cube_FW_F7_V1.17.0, STM32Cube_FW_G0_V1.6.2, STM32Cube_FW_G4_V1.5.2, STM32Cube_FW_H5_V0.5.1, STM32Cube_FW_H5_V1.1.1, STM32Cube_FW_H5_V1.2.0RC2, STM32Cube_FW_H7_V1.11.0, STM32Cube_FW_L0_V1.12.2, STM32Cube_FW_L5_V1.5.0, STM32Cube_FW_U5_V1.3.0RC4, STM32Cube_FW_U5_V1.4.0, STM32Cube_FW_WBA_V1.0.0RC1, STM32Cube_FW_WBA_V1.1.0RC1, STM32Cube_FW_WBA_V1.2.0, STM32Cube_FW_WBA_V1.2.0RC2, STM32Cube_FW_WB_V1.15.0RC1, STM32Cube_FW_WB_V1.16.0, STM32Cube_FW_WB_V1.16.0RC2, STM32Cube_FW_WB_V1.18.0, STM32Cube_FW_WL_V1.3.0, X-CUBE-ALGOBUILD_V1.3.0, X-CUBE-ALS_V1.0.1, X-CUBE-AZRTOS-F4_V1.1.0, X-CUBE-AZRTOS-F7_V1.1.0, X-CUBE-AZRTOS-G0_V1.1.0, X-CUBE-AZRTOS-G4_V2.0.0, X-CUBE-AZRTOS-H7_V3.2.0, X-CUBE-AZRTOS-L4_V1.0.0, X-CUBE-AZRTOS-L4_V2.0.0, X-CUBE-AZRTOS-L5_V1.1.0, X-CUBE-AZRTOS-WB_V2.0.0, X-CUBE-AZRTOS-WL_V2.0.0, X-CUBE-BLE1_V7.0.0, X-CUBE-BLE2_V3.3.0, X-CUBE-BLEMGR_V3.0.0, X-CUBE-EEPRMA1_V4.1.0, X-CUBE-EEPRMA1_V5.1.0, X-CUBE-FREERTOS_V1.1.0, X-CUBE-GNSS1_V6.0.0, X-CUBE-MEMS1_V10.0.0, X-CUBE-MEMS1_V9.1.0, X-CUBE-MEMS1_V9.4.0, X-CUBE-MEMS1_V9.6.0, X-CUBE-NFC4_V3.0.0, X-CUBE-NFC7_V1.0.1, X-CUBE-SFXS2LP1_V4.0.0, X-CUBE-SUBG2_V5.0.0, X-CUBE-TOF1_V3.4.0]
2024-03-16 22:22:24,000 [WARN] PackLoader:240 - Cannot read IP mode file for STMicroelectronics.X-CUBE-SMBUS.2.1.0
2024-03-16 22:22:24,007 [WARN] PackLoader:240 - Cannot read IP mode file for STMicroelectronics.X-CUBE-TOUCHGFX.4.23.0
2024-03-16 22:22:24,045 [WARN] PackLoader:240 - Cannot read IP mode file for STMicroelectronics.X-CUBE-AZRTOS-F7.1.1.0
2024-03-16 22:22:24,062 [ERROR] RealEvaluatedCondition:428 - Found unsupported composite condition: CLASS='Data Exchange' GROUP='STM32_MetaDataManager'
2024-03-16 22:22:24,062 [ERROR] RealEvaluatedCondition:428 - Found unsupported composite condition: GROUP='STM32_MetaDataManager' CLASS='Data Exchange'
2024-03-16 22:22:24,063 [WARN] PackLoader:240 - Cannot read IP mode file for STMicroelectronics.FP-SNS-MOTENV1.4.3.0
2024-03-16 22:22:24,071 [WARN] PackLoader:240 - Cannot read IP mode file for STMicroelectronics.FP-SNS-MOTENV1.4.3.2
2024-03-16 22:22:24,077 [WARN] PackLoader:240 - Cannot read IP mode file for STMicroelectronics.FP-SNS-FLIGHT1.5.0.0
2024-03-16 22:22:24,080 [ERROR] RealEvaluatedCondition:428 - Found unsupported composite condition: CLASS='Data Exchange' GROUP='STM32_MetaDataManager'
2024-03-16 22:22:24,080 [ERROR] RealEvaluatedCondition:428 - Found unsupported composite condition: GROUP='STM32_MetaDataManager' CLASS='Data Exchange'
2024-03-16 22:22:24,081 [WARN] PackLoader:240 - Cannot read IP mode file for STMicroelectronics.FP-SNS-MOTENV1.4.3.1
2024-03-16 22:22:24,087 [WARN] PackLoader:240 - Cannot read IP mode file for STMicroelectronics.FP-SNS-FLIGHT1.5.0.1
2024-03-16 22:22:24,095 [WARN] PackLoader:240 - Cannot read IP mode file for STMicroelectronics.X-CUBE-BLE1.6.2.4
2024-03-16 22:22:24,098 [WARN] PackLoader:240 - Cannot read IP mode file for STMicroelectronics.FP-SNS-FLIGHT1.5.0.2
2024-03-16 22:22:24,106 [WARN] PackLoader:240 - Cannot read IP mode file for STMicroelectronics.X-CUBE-DISPLAY.3.0.0
2024-03-16 22:22:24,116 [WARN] PackLoader:240 - Cannot read IP mode file for STMicroelectronics.X-CUBE-BLE1.7.0.0
2024-03-16 22:22:24,127 [WARN] PackLoader:240 - Cannot read IP mode file for STMicroelectronics.X-CUBE-BLEMGR.3.1.0
2024-03-16 22:22:24,135 [WARN] PackLoader:240 - Cannot read IP mode file for STMicroelectronics.FP-SNS-SMARTAG2.1.2.0
2024-03-16 22:22:24,146 [INFO] LogOutputStream:77 - [STDOUT_REDIRECT] 1 : Invalid condition id : UX_CORESTACK_Condition cause : null
2024-03-16 22:22:24,157 [INFO] LogOutputStream:77 - [STDOUT_REDIRECT] 1 : Invalid condition id : UX_CORESTACK_Condition cause : null
2024-03-16 22:22:24,158 [INFO] LogOutputStream:77 - [STDOUT_REDIRECT] 1 : Invalid condition id : UX_CORESTACK_Condition cause : null
2024-03-16 22:22:24,158 [INFO] LogOutputStream:77 - [STDOUT_REDIRECT] 1 : Invalid condition id : UX_CORESTACK_Condition cause : null
2024-03-16 22:22:24,158 [INFO] LogOutputStream:77 - [STDOUT_REDIRECT] 1 : Invalid condition id : UX_CORESTACK_Condition cause : null
2024-03-16 22:22:24,163 [WARN] PackLoader:240 - Cannot read IP mode file for STMicroelectronics.X-CUBE-AZRTOS-WL.2.0.0
2024-03-16 22:22:24,178 [WARN] PackLoader:240 - Cannot read IP mode file for WES.I-CUBE-Cesium.1.3.0
2024-03-16 22:22:24,183 [WARN] PackLoader:240 - Cannot read IP mode file for STMicroelectronics.X-CUBE-BLE2.3.3.0
2024-03-16 22:22:24,186 [WARN] PackLoader:240 - Cannot read IP mode file for STMicroelectronics.X-CUBE-TOUCHGFX.4.21.3
2024-03-16 22:22:24,189 [WARN] PackLoader:240 - Cannot read IP mode file for STMicroelectronics.X-CUBE-TOUCHGFX.4.21.4
2024-03-16 22:22:24,195 [WARN] PackLoader:240 - Cannot read IP mode file for STMicroelectronics.X-CUBE-ALGOBUILD.1.3.0
2024-03-16 22:22:24,214 [WARN] PackLoader:240 - Cannot read IP mode file for STMicroelectronics.X-CUBE-AZRTOS-G0.1.1.0
2024-03-16 22:22:24,222 [WARN] PackLoader:240 - Cannot read IP mode file for STMicroelectronics.X-CUBE-NFC4.3.0.0
2024-03-16 22:22:24,226 [WARN] PackLoader:240 - Cannot read IP mode file for STMicroelectronics.FP-ATR-SIGFOX1.3.2.0
2024-03-16 22:22:24,232 [WARN] PackLoader:240 - Cannot read IP mode file for STMicroelectronics.X-CUBE-EEPRMA1.5.1.0
2024-03-16 22:22:24,278 [WARN] PackLoader:240 - Cannot read IP mode file for SEGGER.I-CUBE-embOS.1.3.1
2024-03-16 22:22:24,327 [WARN] PackLoader:240 - Cannot read IP mode file for STMicroelectronics.X-CUBE-GNSS1.6.0.0
2024-03-16 22:22:24,345 [WARN] PackLoader:240 - Cannot read IP mode file for STMicroelectronics.X-CUBE-AZRTOS-F4.1.1.0
2024-03-16 22:22:24,352 [WARN] PackLoader:240 - Cannot read IP mode file for wolfSSL.I-CUBE-wolfSSL.5.6.0
2024-03-16 22:22:24,368 [WARN] PackLoader:240 - Cannot read IP mode file for STMicroelectronics.X-CUBE-AZRTOS-L5.2.0.0
2024-03-16 22:22:24,422 [WARN] PackLoader:240 - Cannot read IP mode file for STMicroelectronics.X-CUBE-MEMS1.9.6.0
2024-03-16 22:22:24,625 [WARN] PackLoader:240 - Cannot read IP mode file for ITTIA_DB.I-CUBE-ITTIADB.8.8.0
2024-03-16 22:22:24,632 [WARN] PackLoader:240 - Cannot read IP mode file for emotas.I-CUBE-CANOPEN.1.1.3
2024-03-16 22:22:24,640 [WARN] PackLoader:240 - Cannot read IP mode file for STMicroelectronics.X-CUBE-BLEMGR.2.0.0
2024-03-16 22:22:24,655 [WARN] ConditionMgr:438 - getConditionDescription Invalid condition id : UX DEVICE CLASS RTOS Condition cause : null
2024-03-16 22:22:24,656 [WARN] ConditionMgr:438 - getConditionDescription Invalid condition id : UX DEVICE CLASS RTOS Condition cause : null
2024-03-16 22:22:24,659 [WARN] PackLoader:240 - Cannot read IP mode file for STMicroelectronics.X-CUBE-AZRTOS-H7.3.1.0
2024-03-16 22:22:24,659 [WARN] ConditionMgr:1039 - genDependencies : Invalid condition id : UX DEVICE CLASS RTOS Condition cause : null
2024-03-16 22:22:24,659 [WARN] ConditionMgr:1039 - genDependencies : Invalid condition id : UX DEVICE CLASS RTOS Condition cause : null
2024-03-16 22:22:24,660 [WARN] ConditionMgr:1039 - genDependencies : Invalid condition id : UX DEVICE CLASS RTOS Condition cause : null
2024-03-16 22:22:24,660 [WARN] ConditionMgr:1039 - genDependencies : Invalid condition id : UX DEVICE CLASS RTOS Condition cause : null
2024-03-16 22:22:24,660 [WARN] ConditionMgr:1039 - genDependencies : Invalid condition id : UX DEVICE CLASS RTOS Condition cause : null
2024-03-16 22:22:24,665 [WARN] PackLoader:240 - Cannot read IP mode file for STMicroelectronics.X-CUBE-NFC7.1.0.1
2024-03-16 22:22:24,669 [WARN] PackLoader:240 - Cannot read IP mode file for STMicroelectronics.X-CUBE-NFC7.1.0.0
2024-03-16 22:22:24,681 [WARN] PackLoader:240 - Cannot read IP mode file for STMicroelectronics.X-CUBE-NFC6.3.0.0
2024-03-16 22:22:24,686 [WARN] PackLoader:240 - Cannot read IP mode file for STMicroelectronics.X-CUBE-EEPRMA1.4.1.0
2024-03-16 22:22:24,689 [WARN] PackLoader:240 - Cannot read IP mode file for STMicroelectronics.X-CUBE-AI.8.1.0
2024-03-16 22:22:24,705 [WARN] ConditionMgr:438 - getConditionDescription Invalid condition id : LAN8742 Phy interface Condition cause : null
2024-03-16 22:22:24,705 [WARN] PackLoader:240 - Cannot read IP mode file for STMicroelectronics.X-CUBE-AZRTOS-L4.2.0.0
2024-03-16 22:22:24,706 [WARN] ConditionMgr:1039 - genDependencies : Invalid condition id : LAN8742 Phy interface Condition cause : null
2024-03-16 22:22:24,707 [WARN] ConditionMgr:1039 - genDependencies : Invalid condition id : LAN8742 Phy interface Condition cause : null
2024-03-16 22:22:24,707 [WARN] ConditionMgr:1039 - genDependencies : Invalid condition id : LAN8742 Phy interface Condition cause : null
2024-03-16 22:22:24,712 [WARN] PackLoader:240 - Cannot read IP mode file for STMicroelectronics.X-CUBE-SFXS2LP1.4.0.0
2024-03-16 22:22:24,716 [WARN] PackLoader:240 - Cannot read IP mode file for STMicroelectronics.X-CUBE-ISPU.1.1.0
2024-03-16 22:22:24,719 [WARN] PackLoader:240 - Cannot read IP mode file for STMicroelectronics.X-CUBE-AI.8.0.0
2024-03-16 22:22:24,729 [WARN] ConditionMgr:438 - getConditionDescription Invalid condition id : UX DEVICE CLASS RTOS Condition cause : null
2024-03-16 22:22:24,729 [WARN] ConditionMgr:438 - getConditionDescription Invalid condition id : UX DEVICE CLASS RTOS Condition cause : null
2024-03-16 22:22:24,731 [WARN] PackLoader:240 - Cannot read IP mode file for STMicroelectronics.X-CUBE-AZRTOS-WB.2.0.0
2024-03-16 22:22:24,731 [WARN] ConditionMgr:1039 - genDependencies : Invalid condition id : UX DEVICE CLASS RTOS Condition cause : null
2024-03-16 22:22:24,732 [WARN] ConditionMgr:1039 - genDependencies : Invalid condition id : UX DEVICE CLASS RTOS Condition cause : null
2024-03-16 22:22:24,732 [WARN] ConditionMgr:1039 - genDependencies : Invalid condition id : UX DEVICE CLASS RTOS Condition cause : null
2024-03-16 22:22:24,732 [WARN] ConditionMgr:1039 - genDependencies : Invalid condition id : UX DEVICE CLASS RTOS Condition cause : null
2024-03-16 22:22:24,732 [WARN] ConditionMgr:1039 - genDependencies : Invalid condition id : UX DEVICE CLASS RTOS Condition cause : null
2024-03-16 22:22:24,743 [WARN] PackLoader:240 - Cannot read IP mode file for STMicroelectronics.X-CUBE-FREERTOS.1.0.1
2024-03-16 22:22:24,759 [WARN] PackLoader:240 - Cannot read IP mode file for STMicroelectronics.X-CUBE-AZRTOS-L5.1.1.0
2024-03-16 22:22:24,763 [WARN] PackLoader:240 - Cannot read IP mode file for STMicroelectronics.X-CUBE-AI.8.0.1
2024-03-16 22:22:24,771 [WARN] PackLoader:240 - Cannot read IP mode file for STMicroelectronics.X-CUBE-SUBG2.5.0.0
2024-03-16 22:22:24,791 [WARN] PackLoader:240 - Cannot read IP mode file for STMicroelectronics.X-CUBE-AZRTOS-G4.2.0.0
2024-03-16 22:22:24,808 [WARN] PackLoader:240 - Cannot read IP mode file for STMicroelectronics.X-CUBE-TOF1.3.3.0
2024-03-16 22:22:24,831 [WARN] PackLoader:240 - Cannot read IP mode file for Infineon.AIROC-Wi-Fi-Bluetooth-STM32.1.5.1
2024-03-16 22:22:24,838 [WARN] PackLoader:240 - Cannot read IP mode file for STMicroelectronics.FP-SNS-MOTENVWB1.1.3.1
2024-03-16 22:22:24,855 [WARN] PackLoader:240 - Cannot read IP mode file for STMicroelectronics.X-CUBE-AZRTOS-L4.1.0.0
2024-03-16 22:22:24,860 [WARN] PackLoader:240 - Cannot read IP mode file for STMicroelectronics.X-CUBE-ISPU.2.0.0
2024-03-16 22:22:24,919 [WARN] PackLoader:240 - Cannot read IP mode file for STMicroelectronics.X-CUBE-MEMS1.10.0.0
2024-03-16 22:22:25,091 [WARN] PackLoader:240 - Cannot read IP mode file for STMicroelectronics.X-CUBE-FREERTOS.1.1.0
2024-03-16 22:22:25,104 [WARN] PackLoader:240 - Cannot read IP mode file for STMicroelectronics.X-CUBE-AZRTOS-WL.1.0.0
2024-03-16 22:22:25,110 [WARN] PackLoader:240 - Cannot read IP mode file for portGmbH.I-Cube-SoM-uGOAL.1.1.0
2024-03-16 22:22:25,114 [WARN] PackLoader:240 - Cannot read IP mode file for STMicroelectronics.X-CUBE-ALS.1.0.1
2024-03-16 22:22:25,141 [WARN] PackLoader:240 - Cannot read IP mode file for STMicroelectronics.X-CUBE-AZRTOS-WB.1.1.0
2024-03-16 22:22:25,146 [WARN] PackLoader:240 - Cannot read IP mode file for STMicroelectronics.FP-ATR-ASTRA1.2.0.0
2024-03-16 22:22:25,157 [WARN] PackLoader:240 - Cannot read IP mode file for STMicroelectronics.X-CUBE-TOF1.3.4.1
2024-03-16 22:22:25,190 [WARN] PackLoader:240 - Cannot read IP mode file for STMicroelectronics.X-CUBE-AZRTOS-H7.3.2.0
2024-03-16 22:22:25,193 [INFO] ThirdParty:978 - Integrity check success = true
2024-03-16 22:22:25,193 [INFO] IntegrityCheckThread:100 - exiting critical section [integrity check]
2024-03-16 22:22:25,193 [INFO] IntegrityCheckThread:103 - End integrity checks thread
2024-03-16 22:22:25,873 [INFO] ApiDb:240 - Found 297 in-development CPN: [B-G473E-ZEST1S, B-WB1M-WPAN1, B-WL5M-SUBG1, NUCLEO-C031C6, NUCLEO-H503RB, NUCLEO-H563ZI, NUCLEO-U545RE-Q, NUCLEO-U5A5ZJ-Q, NUCLEO-WBA52CG, STEVAL-PROTEUS1, STEVAL-STWINBX1, STM320518-EVAL, STM32C0116-DK, STM32C011D6Y3TR, STM32C011D6Y6TR, STM32C011F4P3, STM32C011F4P6, STM32C011F4U3, STM32C011F4U6TR, STM32C011F6P3, STM32C011F6P6, STM32C011F6U3, STM32C011F6U6TR, STM32C011J4M3, STM32C011J4M6, STM32C011J6M3, STM32C011J6M6, STM32C0316-DK, STM32C031C4T3, STM32C031C4T6, STM32C031C4U3, STM32C031C4U6, STM32C031C6T3, STM32C031C6T6, STM32C031C6U3, STM32C031C6U6, STM32C031F4P3, STM32C031F4P6, STM32C031F6P3, STM32C031F6P6, STM32C031G4U3, STM32C031G4U6, STM32C031G6U3, STM32C031G6U6, STM32C031K4T3, STM32C031K4T6, STM32C031K4U3, STM32C031K4U6, STM32C031K6T3, STM32C031K6T6, STM32C031K6U3, STM32C031K6U6, STM32G071K8TXN, STM32G071K8UXN, STM32G081GBU6N, STM32G081KBT6N, STM32G081KBUXN, STM32G0B1CCT6N, STM32G0B1KCT6, STM32G0B1NEY6TR, STM32G0B1RCT6N, STM32G0C1CCT6, STM32G0C1CCT6N, STM32G0C1CCU6N, STM32G0C1CET6N, STM32G0C1CEU6N, STM32G0C1KCT6, STM32G0C1NEY6TR, STM32G0C1RCI6N, STM32G0C1RCT6N, STM32G0C1REI6N, STM32G0C1RET6N, STM32G0C1VCI6, STM32G0C1VEI6, STM32G471CCT6, STM32G471CCU6, STM32G471CET3, STM32G471CET6, STM32G471CEU3, STM32G471CEU6, STM32G471MCT6, STM32G471MET3, STM32G471MET6, STM32G471MEY6TR, STM32G471QCT6, STM32G471QET3, STM32G471RCT6, STM32G471RET3, STM32G471RET6, STM32G471VCH6, STM32G471VCI6, STM32G471VCT6, STM32G471VEH3, STM32G471VEH6, STM32G471VEI3, STM32G471VEI6, STM32G471VET3, STM32G471VET6, STM32G474CCT6, STM32H503CBT6, STM32H503CBU6, STM32H503EBY6TR, STM32H503KBU6, STM32H503RBT6, STM32H562AGI6, STM32H562AII6, STM32H562IGK6, STM32H562IGT6, STM32H562IIK6, STM32H562IIT6, STM32H562RGT6, STM32H562RGV6, STM32H562RIT6, STM32H562RIV6, STM32H562VGT6, STM32H562VIT6, STM32H562ZGT6, STM32H562ZIT6, STM32H563AGI6, STM32H563AII3Q, STM32H563AII6, STM32H563IGK6, STM32H563IGT6, STM32H563IIK3Q, STM32H563IIK6, STM32H563IIT3Q, STM32H563IIT6, STM32H563MIY3QTR, STM32H563RGT6, STM32H563RGV6, STM32H563RIT6, STM32H563RIV6, STM32H563VGT6, STM32H563VIT3Q, STM32H563VIT6, STM32H563ZGT6, STM32H563ZIT3Q, STM32H563ZIT6, STM32H573AII3Q, STM32H573AII6, STM32H573I-DK, STM32H573IIK3Q, STM32H573IIK6, STM32H573IIT3Q, STM32H573IIT6, STM32H573MIY3QTR, STM32H573RIT6, STM32H573RIV6, STM32H573VIT3Q, STM32H573VIT6, STM32H573ZIT3Q, STM32H573ZIT6, STM32L4R5QGI6STR, STM32MP131AAE3, STM32MP131AAF3, STM32MP131AAG3, STM32MP131CAE3, STM32MP131CAF3, STM32MP131CAG3, STM32MP131DAE7, STM32MP131DAF7, STM32MP131DAG7, STM32MP131FAE7, STM32MP131FAF7, STM32MP131FAG7, STM32MP133AAE3, STM32MP133AAF3, STM32MP133AAG3, STM32MP133CAE3, STM32MP133CAF3, STM32MP133CAG3, STM32MP133DAE7, STM32MP133DAF7, STM32MP133DAG7, STM32MP133FAE7, STM32MP133FAF7, STM32MP133FAG7, STM32MP135AAE3, STM32MP135AAF3, STM32MP135AAG3, STM32MP135CAE3, STM32MP135CAF3, STM32MP135CAG3, STM32MP135DAE7, STM32MP135DAF7, STM32MP135DAG7, STM32MP135F-DK, STM32MP135FAE7, STM32MP135FAF7, STM32MP135FAF7T, STM32MP135FAF7U, STM32MP135FAG7, STM32U535CBT6, STM32U535CBT6Q, STM32U535CBU6, STM32U535CBU6Q, STM32U535CCT6, STM32U535CCT6Q, STM32U535CCU6, STM32U535CCU6Q, STM32U535CET6, STM32U535CET6Q, STM32U535CEU6, STM32U535CEU6Q, STM32U535JEY6QTR, STM32U535NCY6QTR, STM32U535NEY6QTR, STM32U535RBI6, STM32U535RBI6Q, STM32U535RBT6, STM32U535RBT6Q, STM32U535RCI6, STM32U535RCI6Q, STM32U535RCT6, STM32U535RCT6Q, STM32U535REI6, STM32U535REI6Q, STM32U535RET6, STM32U535RET6Q, STM32U535VCI6, STM32U535VCI6Q, STM32U535VCT6, STM32U535VCT6Q, STM32U535VEI6, STM32U535VEI6Q, STM32U535VET6, STM32U535VET6Q, STM32U545CET6, STM32U545CET6Q, STM32U545CEU6, STM32U545CEU6Q, STM32U545JEY6QTR, STM32U545NEY6QTR, STM32U545REI6, STM32U545REI6Q, STM32U545RET6, STM32U545RET6Q, STM32U545VEI6, STM32U545VEI6Q, STM32U545VET6, STM32U545VET6Q, STM32U595AIH6, STM32U595AIH6Q, STM32U595AJH6, STM32U595AJH6Q, STM32U595QII6, STM32U595QII6Q, STM32U595QJI6, STM32U595QJI6Q, STM32U595RIT6, STM32U595RIT6Q, STM32U595RJT6, STM32U595RJT6Q, STM32U595VIT6, STM32U595VIT6Q, STM32U595VJT6, STM32U595VJT6Q, STM32U595ZIT6, STM32U595ZIT6Q, STM32U595ZIY6QTR, STM32U595ZJT6, STM32U595ZJT6Q, STM32U595ZJY6QTR, STM32U599BJY6QTR, STM32U599NIH6Q, STM32U599NJH6Q, STM32U599VIT6Q, STM32U599VJT6, STM32U599VJT6Q, STM32U599ZIT6Q, STM32U599ZIY6QTR, STM32U599ZJT6Q, STM32U599ZJY6QTR, STM32U5A5AJH6, STM32U5A5AJH6Q, STM32U5A5QJI6, STM32U5A5QJI6Q, STM32U5A5RJT6, STM32U5A5RJT6Q, STM32U5A5VJT6, STM32U5A5VJT6Q, STM32U5A5ZJT6, STM32U5A5ZJT6Q, STM32U5A5ZJY6QTR, STM32U5A9BJY6QTR, STM32U5A9J-DK, STM32U5A9NJH6Q, STM32U5A9VJT6Q, STM32U5A9ZJT6Q, STM32U5A9ZJY6QTR, STM32WB1MMCH6, STM32WBA52CEU6, STM32WBA52CEU6T, STM32WBA52CGU6, STM32WBA52CGU6T, STM32WL5MOCH6, STM32WL5MOCH6TR]
2024-03-16 22:22:25,878 [INFO] DbMcus:216 - Found 3861 MCUs, 3861 are supported
2024-03-16 22:22:25,880 [INFO] ApiDb:423 - Load user favorites file /Users/michal/.stm32cubeide/favorites.mcus.txt: 0 item(s)
2024-03-16 22:22:25,880 [INFO] ApiDb:427 - User favorites MCUs=[]
2024-03-16 22:22:25,881 [INFO] DbMcus:222 - Set 0 / 0 favorites MCUs
2024-03-16 22:22:26,317 [INFO] BoardInfo:880 - No configuration file found for board P-NUCLEO-WB55
2024-03-16 22:22:26,317 [INFO] DbBoards:157 - Kit is not supported: P-NUCLEO-WB55
2024-03-16 22:22:26,322 [INFO] BoardInfo:880 - No configuration file found for board STEVAL-BFA001V1B
2024-03-16 22:22:26,323 [INFO] DbBoards:157 - Kit is not supported: STEVAL-BFA001V1B
2024-03-16 22:22:26,324 [INFO] BoardInfo:880 - No configuration file found for board STEVAL-BFA001V2B
2024-03-16 22:22:26,324 [INFO] DbBoards:157 - Kit is not supported: STEVAL-BFA001V2B
2024-03-16 22:22:26,329 [INFO] BoardInfo:880 - No configuration file found for board STEVAL-MKBOXPRO
2024-03-16 22:22:26,329 [INFO] DbBoards:157 - Board is not supported: STEVAL-MKBOXPRO
2024-03-16 22:22:26,333 [INFO] BoardInfo:880 - No configuration file found for board STEVAL-SMARTAG2
2024-03-16 22:22:26,333 [INFO] DbBoards:157 - Board is not supported: STEVAL-SMARTAG2
2024-03-16 22:22:26,466 [INFO] DbBoards:161 - Found 189 boards, 184 are supported
2024-03-16 22:22:26,469 [INFO] ApiDb:423 - Load user favorites file /Users/michal/.stm32cubeide/favorites.boards.txt: 0 item(s)
2024-03-16 22:22:26,469 [INFO] ApiDb:427 - User favorites Boards=[]
2024-03-16 22:22:26,469 [INFO] DbBoards:190 - Set 0 / 0 favorites Boards
2024-03-16 22:22:26,469 [INFO] McuFinderGlobals:66 - Set McuFinderConnectedMode to true
2024-03-16 22:22:26,479 [INFO] MultiScanPanel:200 - Auto-refresh data requested => check proxy status ongoing
2024-03-16 22:22:26,482 [INFO] FinderPluginLoader:95 - Searching for filters in installed packs
2024-03-16 22:22:27,869 [INFO] LoadUrlFilesThread:185 - End of LoadServerUrlFiles without Thread
2024-03-16 22:22:27,885 [INFO] DetailPanel:341 - Set advertising image to /Users/michal/STM32Cube/Repository//en.prom-stm32wl3-mcu-finder.jpg
2024-03-16 22:26:05,395 [INFO] MainUpdater:2854 - connection check result : 10
2024-03-16 22:26:05,396 [INFO] MainUpdater:2854 - connection check result : 10
2024-03-16 22:26:05,630 [INFO] MicroXplorer:468 - Change Database Path : 
2024-03-16 22:26:05,630 [INFO] MicroXplorer:498 - Change Database Version : DB.6.0.81
2024-03-16 22:26:05,631 [WARN] ThirdParty:871 - waiting for thirdparty lock release [close project]
2024-03-16 22:26:05,631 [INFO] ThirdParty:873 - entering critical section [close project]
2024-03-16 22:26:05,632 [INFO] ThirdParty:883 - exiting critical section [close project]
2024-03-16 22:26:05,637 [INFO] PinOutPanel:1499 - setPackage(No Configuration,No Configuration)
2024-03-16 22:26:05,641 [INFO] UtilMem:75 - Begin LoadConfig() Used Memory: 540549656 Bytes (657457152)
2024-03-16 22:26:05,642 [INFO] MicroXplorer:468 - Change Database Path : 
2024-03-16 22:26:05,643 [INFO] MicroXplorer:498 - Change Database Version : DB.6.0.81
2024-03-16 22:26:05,643 [INFO] OpenFileManager:308 - Change cursor
2024-03-16 22:26:05,699 [INFO] Mcu:1937 - Initializing MCU STM32F205RGTx STM32F205RGTx 
2024-03-16 22:26:05,701 [INFO] Mcu:1950 - No CPN specified => set CPN to STM32F205RGT6
2024-03-16 22:26:07,169 [INFO] Context:659 - Trying to add GPIOservice into a context  which must be forbidden
2024-03-16 22:26:07,687 [INFO] ImportTextPane:194 - (OptionalMessage_ERROR) Unable to find key (Mcu.ThirdPartyNb) in loaded IOC file
2024-03-16 22:26:07,688 [INFO] ImportTextPane:194 - (OptionalMessage_ERROR) Unable to find key (Mcu.PinsNb) in loaded IOC file
2024-03-16 22:26:07,688 [INFO] ImportTextPane:194 - (OptionalMessage_ERROR) Unable to find key (Mcu.IPNb) in loaded IOC file
2024-03-16 22:26:07,916 [INFO] RtosManager:555 - Registered RTOS mode: class=CMSIS, group=RTOS, mode=CMSIS_V1, owner=FREERTOS
2024-03-16 22:26:07,916 [INFO] RtosManager:555 - Registered RTOS mode: class=CMSIS, group=RTOS2, mode=CMSIS_V2, owner=FREERTOS
2024-03-16 22:26:07,916 [INFO] RtosManager:555 - Registered RTOS mode: class=RTOS, group=Core, mode=CMSIS_V1, owner=FREERTOS
2024-03-16 22:26:07,916 [INFO] RtosManager:555 - Registered RTOS mode: class=RTOS, group=Core, mode=CMSIS_V2, owner=FREERTOS
2024-03-16 22:26:07,916 [WARN] ModelIntegratedComponent:184 - Missing modes for component STMicroelectronics:FreeRTOS:0.0.1:STMicroelectronics:RTOS:FreeRTOS:Core:::10.2.0:
2024-03-16 22:26:07,930 [WARN] ModelIntegratedComponent:63 - No mode defined for component null
2024-03-16 22:26:07,930 [WARN] ModelIntegratedComponent:63 - No mode defined for component null
2024-03-16 22:26:07,931 [WARN] ModelIntegratedComponent:63 - No mode defined for component null
2024-03-16 22:26:07,931 [WARN] ModelIntegratedComponent:63 - No mode defined for component null
2024-03-16 22:26:07,931 [WARN] ModelIntegratedComponent:63 - No mode defined for component null
2024-03-16 22:26:07,931 [WARN] ModelIntegratedComponent:63 - No mode defined for component null
2024-03-16 22:26:07,931 [WARN] ModelIntegratedComponent:63 - No mode defined for component null
2024-03-16 22:26:07,931 [WARN] ModelIntegratedComponent:63 - No mode defined for component null
2024-03-16 22:26:07,931 [WARN] ModelIntegratedComponent:63 - No mode defined for component null
2024-03-16 22:26:07,931 [WARN] ModelIntegratedComponent:63 - No mode defined for component null
2024-03-16 22:26:07,931 [WARN] ModelIntegratedComponent:63 - No mode defined for component null
2024-03-16 22:26:07,931 [WARN] ModelIntegratedComponent:63 - No mode defined for component null
2024-03-16 22:26:07,931 [WARN] ModelIntegratedComponent:63 - No mode defined for component null
2024-03-16 22:26:07,931 [WARN] ModelIntegratedComponent:63 - No mode defined for component null
2024-03-16 22:26:07,931 [WARN] ModelIntegratedComponent:63 - No mode defined for component null
2024-03-16 22:26:07,932 [WARN] ModelIntegratedComponent:63 - No mode defined for component null
2024-03-16 22:26:07,932 [WARN] ModelIntegratedComponent:63 - No mode defined for component null
2024-03-16 22:26:07,932 [WARN] ModelIntegratedComponent:63 - No mode defined for component null
2024-03-16 22:26:07,932 [WARN] ModelIntegratedComponent:63 - No mode defined for component null
2024-03-16 22:26:07,932 [WARN] ModelIntegratedComponent:63 - No mode defined for component null
2024-03-16 22:26:07,932 [WARN] ModelIntegratedComponent:63 - No mode defined for component null
2024-03-16 22:26:07,932 [WARN] ModelIntegratedComponent:63 - No mode defined for component null
2024-03-16 22:26:07,932 [WARN] ModelIntegratedComponent:63 - No mode defined for component null
2024-03-16 22:26:07,932 [WARN] ModelIntegratedComponent:63 - No mode defined for component null
2024-03-16 22:26:07,932 [WARN] ModelIntegratedComponent:63 - No mode defined for component null
2024-03-16 22:26:07,932 [WARN] ModelIntegratedComponent:63 - No mode defined for component null
2024-03-16 22:26:07,932 [WARN] ModelIntegratedComponent:63 - No mode defined for component null
2024-03-16 22:26:07,933 [WARN] ModelIntegratedComponent:63 - No mode defined for component null
2024-03-16 22:26:07,933 [WARN] ModelIntegratedComponent:63 - No mode defined for component null
2024-03-16 22:26:07,933 [WARN] ModelIntegratedComponent:63 - No mode defined for component null
2024-03-16 22:26:07,933 [WARN] ModelIntegratedComponent:63 - No mode defined for component null
2024-03-16 22:26:07,933 [WARN] ModelIntegratedComponent:63 - No mode defined for component null
2024-03-16 22:26:07,933 [WARN] ModelIntegratedComponent:63 - No mode defined for component null
2024-03-16 22:26:08,138 [INFO] ThirdPartyModel:298 - Start build external matchings
2024-03-16 22:26:09,435 [INFO] ThirdPartyModel:316 - End build external matchings
2024-03-16 22:26:09,666 [INFO] UtilMem:75 - End LoadConfig() Used Memory: 598912304 Bytes (682622976)
2024-03-16 22:26:09,685 [WARN] ThirdParty:833 - waiting for thirdparty lock release [change project]
2024-03-16 22:26:09,686 [INFO] ThirdParty:835 - entering critical section [change project]
2024-03-16 22:26:09,686 [INFO] ThirdParty:1030 - CMSIS Pack Vendor :STMicroelectronics X-CUBE-ISPU 1.1.0
2024-03-16 22:26:09,686 [INFO] ThirdParty:1030 - CMSIS Pack Vendor :STMicroelectronics X-CUBE-GNSS1 6.0.0
2024-03-16 22:26:09,686 [INFO] ThirdParty:1030 - CMSIS Pack Vendor :STMicroelectronics USB_HOST 2.0.0
2024-03-16 22:26:09,686 [INFO] ThirdParty:1030 - CMSIS Pack Vendor :STMicroelectronics X-CUBE-AZRTOS-F4 1.1.0
2024-03-16 22:26:09,686 [INFO] ThirdParty:1030 - CMSIS Pack Vendor :STMicroelectronics LIBJPEG 8.0.0
2024-03-16 22:26:09,686 [INFO] ThirdParty:1030 - CMSIS Pack Vendor :STMicroelectronics X-CUBE-SMBUS 2.1.0
2024-03-16 22:26:09,686 [INFO] ThirdParty:1030 - CMSIS Pack Vendor :wolfSSL I-CUBE-wolfSSL 5.6.0
2024-03-16 22:26:09,686 [INFO] ThirdParty:1030 - CMSIS Pack Vendor :STMicroelectronics USB_DEVICE 3.0.0
2024-03-16 22:26:09,686 [INFO] ThirdParty:1030 - CMSIS Pack Vendor :STMicroelectronics X-CUBE-AI 8.0.0
2024-03-16 22:26:09,687 [INFO] ThirdParty:1030 - CMSIS Pack Vendor :STMicroelectronics X-CUBE-AZRTOS-WB 2.0.0
2024-03-16 22:26:09,687 [INFO] ThirdParty:1030 - CMSIS Pack Vendor :STMicroelectronics X-CUBE-FREERTOS 1.0.1
2024-03-16 22:26:09,687 [INFO] ThirdParty:1030 - CMSIS Pack Vendor :STMicroelectronics X-CUBE-TOUCHGFX 4.21.3
2024-03-16 22:26:09,687 [INFO] ThirdParty:1030 - CMSIS Pack Vendor :STMicroelectronics X-CUBE-TOUCHGFX 4.23.0
2024-03-16 22:26:09,687 [INFO] ThirdParty:1030 - CMSIS Pack Vendor :STMicroelectronics X-CUBE-AZRTOS-F7 1.1.0
2024-03-16 22:26:09,687 [INFO] ThirdParty:1030 - CMSIS Pack Vendor :STMicroelectronics X-CUBE-TOUCHGFX 4.21.4
2024-03-16 22:26:09,687 [INFO] ThirdParty:1030 - CMSIS Pack Vendor :STMicroelectronics X-CUBE-AZRTOS-L5 2.0.0
2024-03-16 22:26:09,687 [INFO] ThirdParty:1030 - CMSIS Pack Vendor :STMicroelectronics USB_DEVICE 2.0.0
2024-03-16 22:26:09,687 [INFO] ThirdParty:1030 - CMSIS Pack Vendor :STMicroelectronics X-CUBE-MEMS1 9.6.0
2024-03-16 22:26:09,688 [INFO] ThirdParty:1030 - CMSIS Pack Vendor :ITTIA_DB I-CUBE-ITTIADB 8.8.0
2024-03-16 22:26:09,688 [INFO] ThirdParty:1030 - CMSIS Pack Vendor :STMicroelectronics FP-SNS-MOTENV1 4.3.0
2024-03-16 22:26:09,688 [INFO] ThirdParty:1030 - CMSIS Pack Vendor :STMicroelectronics FP-SNS-MOTENV1 4.3.2
2024-03-16 22:26:09,688 [INFO] ThirdParty:1030 - CMSIS Pack Vendor :STMicroelectronics FP-SNS-FLIGHT1 5.0.0
2024-03-16 22:26:09,688 [INFO] ThirdParty:1030 - CMSIS Pack Vendor :STMicroelectronics FP-SNS-MOTENV1 4.3.1
2024-03-16 22:26:09,688 [INFO] ThirdParty:1030 - CMSIS Pack Vendor :STMicroelectronics FP-SNS-FLIGHT1 5.0.1
2024-03-16 22:26:09,688 [INFO] ThirdParty:1030 - CMSIS Pack Vendor :STMicroelectronics X-CUBE-ALGOBUILD 1.3.0
2024-03-16 22:26:09,688 [INFO] ThirdParty:1030 - CMSIS Pack Vendor :STMicroelectronics X-CUBE-BLE1 6.2.4
2024-03-16 22:26:09,688 [INFO] ThirdParty:1030 - CMSIS Pack Vendor :STMicroelectronics X-CUBE-AZRTOS-L5 1.1.0
2024-03-16 22:26:09,688 [INFO] ThirdParty:1030 - CMSIS Pack Vendor :STMicroelectronics FreeRTOS 0.0.1
2024-03-16 22:26:09,688 [INFO] ThirdParty:1030 - CMSIS Pack Vendor :STMicroelectronics X-CUBE-AZRTOS-G0 1.1.0
2024-03-16 22:26:09,688 [INFO] ThirdParty:1030 - CMSIS Pack Vendor :emotas I-CUBE-CANOPEN 1.1.3
2024-03-16 22:26:09,688 [INFO] ThirdParty:1030 - CMSIS Pack Vendor :STMicroelectronics X-CUBE-BLEMGR 2.0.0
2024-03-16 22:26:09,688 [INFO] ThirdParty:1030 - CMSIS Pack Vendor :STMicroelectronics X-CUBE-AI 8.0.1
2024-03-16 22:26:09,688 [INFO] ThirdParty:1030 - CMSIS Pack Vendor :STMicroelectronics X-CUBE-NFC4 3.0.0
2024-03-16 22:26:09,689 [INFO] ThirdParty:1030 - CMSIS Pack Vendor :STMicroelectronics X-CUBE-SUBG2 5.0.0
2024-03-16 22:26:09,689 [INFO] ThirdParty:1030 - CMSIS Pack Vendor :STMicroelectronics STM32_WPAN 1.0.0
2024-03-16 22:26:09,689 [INFO] ThirdParty:1030 - CMSIS Pack Vendor :STMicroelectronics lwIP 2.0.3
2024-03-16 22:26:09,689 [INFO] ThirdParty:1030 - CMSIS Pack Vendor :STMicroelectronics FP-SNS-FLIGHT1 5.0.2
2024-03-16 22:26:09,689 [INFO] ThirdParty:1030 - CMSIS Pack Vendor :STMicroelectronics USB_HOST 1.0.0
2024-03-16 22:26:09,689 [INFO] ThirdParty:1030 - CMSIS Pack Vendor :STMicroelectronics X-CUBE-AZRTOS-G4 2.0.0
2024-03-16 22:26:09,689 [INFO] ThirdParty:1030 - CMSIS Pack Vendor :STMicroelectronics PDM2PCM 3.1.0
2024-03-16 22:26:09,689 [INFO] ThirdParty:1030 - CMSIS Pack Vendor :STMicroelectronics X-CUBE-AZRTOS-H7 3.1.0
2024-03-16 22:26:09,689 [INFO] ThirdParty:1030 - CMSIS Pack Vendor :STMicroelectronics X-CUBE-TOF1 3.3.0
2024-03-16 22:26:09,689 [INFO] ThirdParty:1030 - CMSIS Pack Vendor :Infineon AIROC-Wi-Fi-Bluetooth-STM32 1.5.1
2024-03-16 22:26:09,689 [INFO] ThirdParty:1030 - CMSIS Pack Vendor :STMicroelectronics PDM2PCM 3.3.0
2024-03-16 22:26:09,689 [INFO] ThirdParty:1030 - CMSIS Pack Vendor :STMicroelectronics X-CUBE-DISPLAY 3.0.0
2024-03-16 22:26:09,689 [INFO] ThirdParty:1030 - CMSIS Pack Vendor :STMicroelectronics FP-SNS-MOTENVWB1 1.3.1
2024-03-16 22:26:09,690 [INFO] ThirdParty:1030 - CMSIS Pack Vendor :STMicroelectronics X-CUBE-BLE1 7.0.0
2024-03-16 22:26:09,690 [INFO] ThirdParty:1030 - CMSIS Pack Vendor :STMicroelectronics FP-ATR-SIGFOX1 3.2.0
2024-03-16 22:26:09,690 [INFO] ThirdParty:1030 - CMSIS Pack Vendor :STMicroelectronics X-CUBE-AZRTOS-L4 1.0.0
2024-03-16 22:26:09,690 [INFO] ThirdParty:1030 - CMSIS Pack Vendor :STMicroelectronics X-CUBE-ISPU 2.0.0
2024-03-16 22:26:09,690 [INFO] ThirdParty:1030 - CMSIS Pack Vendor :STMicroelectronics X-CUBE-EEPRMA1 5.1.0
2024-03-16 22:26:09,690 [INFO] ThirdParty:1030 - CMSIS Pack Vendor :STMicroelectronics HAL Drivers 0.0.0
2024-03-16 22:26:09,690 [INFO] ThirdParty:1030 - CMSIS Pack Vendor :STMicroelectronics MBEDTLS 2.16.2
2024-03-16 22:26:09,690 [INFO] ThirdParty:1030 - CMSIS Pack Vendor :STMicroelectronics X-CUBE-MEMS1 10.0.0
2024-03-16 22:26:09,690 [INFO] ThirdParty:1030 - CMSIS Pack Vendor :STMicroelectronics X-CUBE-FREERTOS 1.1.0
2024-03-16 22:26:09,690 [INFO] ThirdParty:1030 - CMSIS Pack Vendor :STMicroelectronics X-CUBE-NFC7 1.0.1
2024-03-16 22:26:09,690 [INFO] ThirdParty:1030 - CMSIS Pack Vendor :STMicroelectronics MBEDTLS 2.14.1
2024-03-16 22:26:09,690 [INFO] ThirdParty:1030 - CMSIS Pack Vendor :STMicroelectronics X-CUBE-NFC7 1.0.0
2024-03-16 22:26:09,690 [INFO] ThirdParty:1030 - CMSIS Pack Vendor :STMicroelectronics X-CUBE-AZRTOS-WL 1.0.0
2024-03-16 22:26:09,691 [INFO] ThirdParty:1030 - CMSIS Pack Vendor :STMicroelectronics X-CUBE-NFC6 3.0.0
2024-03-16 22:26:09,691 [INFO] ThirdParty:1030 - CMSIS Pack Vendor :STMicroelectronics X-CUBE-EEPRMA1 4.1.0
2024-03-16 22:26:09,691 [INFO] ThirdParty:1030 - CMSIS Pack Vendor :portGmbH I-Cube-SoM-uGOAL 1.1.0
2024-03-16 22:26:09,691 [INFO] ThirdParty:1030 - CMSIS Pack Vendor :STMicroelectronics X-CUBE-ALS 1.0.1
2024-03-16 22:26:09,691 [INFO] ThirdParty:1030 - CMSIS Pack Vendor :STMicroelectronics X-CUBE-BLEMGR 3.1.0
2024-03-16 22:26:09,691 [INFO] ThirdParty:1030 - CMSIS Pack Vendor :STMicroelectronics ThreadX 1.0.0
2024-03-16 22:26:09,691 [INFO] ThirdParty:1030 - CMSIS Pack Vendor :STMicroelectronics FP-SNS-SMARTAG2 1.2.0
2024-03-16 22:26:09,691 [INFO] ThirdParty:1030 - CMSIS Pack Vendor :STMicroelectronics X-CUBE-AZRTOS-WB 1.1.0
2024-03-16 22:26:09,691 [INFO] ThirdParty:1030 - CMSIS Pack Vendor :STMicroelectronics X-CUBE-AZRTOS-WL 2.0.0
2024-03-16 22:26:09,691 [INFO] ThirdParty:1030 - CMSIS Pack Vendor :SEGGER I-CUBE-embOS 1.3.1
2024-03-16 22:26:09,691 [INFO] ThirdParty:1030 - CMSIS Pack Vendor :STMicroelectronics USB_DEVICE 1.0.0
2024-03-16 22:26:09,691 [INFO] ThirdParty:1030 - CMSIS Pack Vendor :STMicroelectronics X-CUBE-AI 8.1.0
2024-03-16 22:26:09,691 [INFO] ThirdParty:1030 - CMSIS Pack Vendor :STMicroelectronics X-CUBE-AZRTOS-L4 2.0.0
2024-03-16 22:26:09,692 [INFO] ThirdParty:1030 - CMSIS Pack Vendor :STMicroelectronics ThreadX 0.0.2
2024-03-16 22:26:09,692 [INFO] ThirdParty:1030 - CMSIS Pack Vendor :WES I-CUBE-Cesium 1.3.0
2024-03-16 22:26:09,692 [INFO] ThirdParty:1030 - CMSIS Pack Vendor :STMicroelectronics FP-ATR-ASTRA1 2.0.0
2024-03-16 22:26:09,692 [INFO] ThirdParty:1030 - CMSIS Pack Vendor :STMicroelectronics lwIP 2.1.2
2024-03-16 22:26:09,692 [INFO] ThirdParty:1030 - CMSIS Pack Vendor :STMicroelectronics X-CUBE-SFXS2LP1 4.0.0
2024-03-16 22:26:09,692 [INFO] ThirdParty:1030 - CMSIS Pack Vendor :STMicroelectronics X-CUBE-BLE2 3.3.0
2024-03-16 22:26:09,692 [INFO] ThirdParty:1030 - CMSIS Pack Vendor :STMicroelectronics X-CUBE-TOF1 3.4.1
2024-03-16 22:26:09,692 [INFO] ThirdParty:1030 - CMSIS Pack Vendor :STMicroelectronics X-CUBE-AZRTOS-H7 3.2.0
2024-03-16 22:26:09,693 [INFO] ThirdParty:1030 - CMSIS Pack Vendor :STMicroelectronics PDM2PCM 3.2.0
2024-03-16 22:26:09,693 [INFO] ThirdParty:841 - exiting critical section [change project]
2024-03-16 22:26:10,081 [INFO] PinOutPanel:1499 - setPackage(No Configuration,No Configuration)
2024-03-16 22:26:10,082 [INFO] PinOutPanel:1499 - setPackage(STM32F205RGTx,LQFP64)
2024-03-16 22:26:10,425 [INFO] UtilMem:75 - Before build in PCC Used Memory: 561960480 Bytes (682622976)
2024-03-16 22:26:11,069 [INFO] UtilMem:75 - After build in PCC Used Memory: 570129248 Bytes (682622976)
2024-03-16 22:26:11,102 [INFO] IPUIPlugin:80 - create IPUIPlugin
2024-03-16 22:26:11,102 [INFO] IPUIPlugin:80 - create IPUIPlugin
2024-03-16 22:26:11,102 [INFO] IPUIPlugin:80 - create IPUIPlugin
2024-03-16 22:26:11,103 [INFO] IPUIPlugin:80 - create IPUIPlugin
2024-03-16 22:26:11,103 [INFO] IPUIPlugin:80 - create IPUIPlugin
2024-03-16 22:26:11,103 [INFO] IPUIPlugin:80 - create IPUIPlugin
2024-03-16 22:26:11,103 [INFO] IPUIPlugin:80 - create IPUIPlugin
2024-03-16 22:26:11,103 [INFO] IPUIPlugin:80 - create IPUIPlugin
2024-03-16 22:26:11,104 [INFO] IPUIPlugin:80 - create IPUIPlugin
2024-03-16 22:26:11,104 [INFO] IPUIPlugin:80 - create IPUIPlugin
2024-03-16 22:26:11,104 [INFO] IPUIPlugin:80 - create IPUIPlugin
2024-03-16 22:26:11,104 [INFO] IPUIPlugin:80 - create IPUIPlugin
2024-03-16 22:26:11,105 [INFO] IPUIPlugin:80 - create IPUIPlugin
2024-03-16 22:26:11,105 [INFO] IPUIPlugin:80 - create IPUIPlugin
2024-03-16 22:26:11,106 [INFO] IPUIPlugin:80 - create IPUIPlugin
2024-03-16 22:26:11,106 [INFO] IPUIPlugin:80 - create IPUIPlugin
2024-03-16 22:26:11,106 [INFO] IPUIPlugin:80 - create IPUIPlugin
2024-03-16 22:26:11,107 [INFO] IPUIPlugin:80 - create IPUIPlugin
2024-03-16 22:26:11,107 [INFO] IPUIPlugin:80 - create IPUIPlugin
2024-03-16 22:26:11,107 [INFO] IPUIPlugin:80 - create IPUIPlugin
2024-03-16 22:26:11,107 [INFO] IPUIPlugin:80 - create IPUIPlugin
2024-03-16 22:26:11,108 [INFO] IPUIPlugin:80 - create IPUIPlugin
2024-03-16 22:26:11,108 [INFO] IPUIPlugin:80 - create IPUIPlugin
2024-03-16 22:26:11,108 [INFO] IPUIPlugin:80 - create IPUIPlugin
2024-03-16 22:26:11,109 [INFO] IPUIPlugin:80 - create IPUIPlugin
2024-03-16 22:26:11,109 [INFO] IPUIPlugin:80 - create IPUIPlugin
2024-03-16 22:26:11,109 [INFO] IPUIPlugin:80 - create IPUIPlugin
2024-03-16 22:26:11,109 [INFO] IPUIPlugin:80 - create IPUIPlugin
2024-03-16 22:26:11,109 [INFO] IPUIPlugin:80 - create IPUIPlugin
2024-03-16 22:26:11,110 [INFO] IPUIPlugin:80 - create IPUIPlugin
2024-03-16 22:26:11,110 [INFO] IPUIPlugin:80 - create IPUIPlugin
2024-03-16 22:26:11,110 [INFO] IPUIPlugin:80 - create IPUIPlugin
2024-03-16 22:26:11,110 [INFO] IPUIPlugin:80 - create IPUIPlugin
2024-03-16 22:26:11,110 [INFO] IPUIPlugin:80 - create IPUIPlugin
2024-03-16 22:26:11,111 [INFO] IPUIPlugin:80 - create IPUIPlugin
2024-03-16 22:26:11,111 [INFO] IPUIPlugin:80 - create IPUIPlugin
2024-03-16 22:26:11,111 [INFO] IPUIPlugin:80 - create IPUIPlugin
2024-03-16 22:26:11,111 [INFO] IPUIPlugin:80 - create IPUIPlugin
2024-03-16 22:26:11,111 [INFO] IPUIPlugin:80 - create IPUIPlugin
2024-03-16 22:26:11,111 [INFO] IPUIPlugin:80 - create IPUIPlugin
2024-03-16 22:26:11,112 [INFO] IPUIPlugin:80 - create IPUIPlugin
2024-03-16 22:26:11,112 [INFO] IPUIPlugin:80 - create IPUIPlugin
2024-03-16 22:26:11,112 [INFO] IPUIPlugin:80 - create IPUIPlugin
2024-03-16 22:26:11,112 [INFO] IPUIPlugin:80 - create IPUIPlugin
2024-03-16 22:26:11,112 [INFO] IPUIPlugin:80 - create IPUIPlugin
2024-03-16 22:26:11,112 [INFO] IPUIPlugin:80 - create IPUIPlugin
2024-03-16 22:26:11,113 [INFO] IPUIPlugin:80 - create IPUIPlugin
2024-03-16 22:26:11,113 [INFO] IPUIPlugin:80 - create IPUIPlugin
2024-03-16 22:26:11,113 [INFO] IPUIPlugin:80 - create IPUIPlugin
2024-03-16 22:26:11,113 [INFO] IPUIPlugin:80 - create IPUIPlugin
2024-03-16 22:26:11,114 [INFO] IPUIPlugin:80 - create IPUIPlugin
2024-03-16 22:26:11,114 [INFO] IPUIPlugin:80 - create IPUIPlugin
2024-03-16 22:26:11,114 [INFO] IPUIPlugin:80 - create IPUIPlugin
2024-03-16 22:26:11,115 [INFO] IPUIPlugin:80 - create IPUIPlugin
2024-03-16 22:26:11,180 [INFO] ApiDbMcu:507 - Load IP Config File for PDM2PCM
2024-03-16 22:26:11,344 [INFO] CADModel:165 - CPN selected for project levelSTM32F205RGT6
2024-03-16 22:26:11,344 [INFO] CADModel:114 - Register for checkConnection events
2024-03-16 22:26:11,389 [INFO] OpenFileManager:328 - Restore cursor
2024-03-16 22:26:11,889 [INFO] UtilMem:75 - End SaveConfig() Used Memory: 592408560 Bytes (682622976)
2024-03-16 22:26:12,224 [ERROR] LogOutputStream:75 - [STDERR_REDIRECT] java.net.BindException: Permission denied (Bind failed)
2024-03-16 22:26:12,225 [ERROR] LogOutputStream:75 - [STDERR_REDIRECT] 	at java.base/java.net.PlainDatagramSocketImpl.bind0(Native Method)
2024-03-16 22:26:12,225 [ERROR] LogOutputStream:75 - [STDERR_REDIRECT] 	at java.base/java.net.AbstractPlainDatagramSocketImpl.bind(AbstractPlainDatagramSocketImpl.java:135)
2024-03-16 22:26:12,225 [ERROR] LogOutputStream:75 - [STDERR_REDIRECT] 	at java.base/java.net.DatagramSocket.bind(DatagramSocket.java:394)
2024-03-16 22:26:12,226 [ERROR] LogOutputStream:75 - [STDERR_REDIRECT] 	at java.base/java.net.DatagramSocket.<init>(DatagramSocket.java:244)
2024-03-16 22:26:12,226 [ERROR] LogOutputStream:75 - [STDERR_REDIRECT] 	at java.base/java.net.DatagramSocket.<init>(DatagramSocket.java:301)
2024-03-16 22:26:12,226 [ERROR] LogOutputStream:75 - [STDERR_REDIRECT] 	at com.github.markusbernhardt.proxy.search.wpad.dhcp.DHCPSocket.<init>(DHCPSocket.java:62)
2024-03-16 22:26:12,226 [ERROR] LogOutputStream:75 - [STDERR_REDIRECT] 	at com.github.markusbernhardt.proxy.search.wpad.WpadProxySearchStrategy.checkDhcpAckForPAC(WpadProxySearchStrategy.java:213)
2024-03-16 22:26:12,226 [ERROR] LogOutputStream:75 - [STDERR_REDIRECT] 	at com.github.markusbernhardt.proxy.search.wpad.WpadProxySearchStrategy.detectScriptUrlPerDHCP(WpadProxySearchStrategy.java:193)
2024-03-16 22:26:12,226 [ERROR] LogOutputStream:75 - [STDERR_REDIRECT] 	at com.github.markusbernhardt.proxy.search.wpad.WpadProxySearchStrategy.getProxySelector(WpadProxySearchStrategy.java:70)
2024-03-16 22:26:12,227 [ERROR] LogOutputStream:75 - [STDERR_REDIRECT] 	at com.github.markusbernhardt.proxy.search.desktop.osx.OsxProxySearchStrategy.autodetectProxyIfAvailable(OsxProxySearchStrategy.java:303)
2024-03-16 22:26:12,227 [ERROR] LogOutputStream:75 - [STDERR_REDIRECT] 	at com.github.markusbernhardt.proxy.search.desktop.osx.OsxProxySearchStrategy.buildSelector(OsxProxySearchStrategy.java:165)
2024-03-16 22:26:12,227 [ERROR] LogOutputStream:75 - [STDERR_REDIRECT] 	at com.github.markusbernhardt.proxy.search.desktop.osx.OsxProxySearchStrategy.getProxySelector(OsxProxySearchStrategy.java:127)
2024-03-16 22:26:12,227 [ERROR] LogOutputStream:75 - [STDERR_REDIRECT] 	at com.github.markusbernhardt.proxy.search.desktop.DesktopProxySearchStrategy.getProxySelector(DesktopProxySearchStrategy.java:38)
2024-03-16 22:26:12,227 [ERROR] LogOutputStream:75 - [STDERR_REDIRECT] 	at com.github.markusbernhardt.proxy.search.browser.firefox.FirefoxProxySearchStrategy.getProxySelector(FirefoxProxySearchStrategy.java:113)
2024-03-16 22:26:12,228 [ERROR] LogOutputStream:75 - [STDERR_REDIRECT] 	at com.github.markusbernhardt.proxy.ProxySearch.getProxySelector(ProxySearch.java:222)
2024-03-16 22:26:12,228 [ERROR] LogOutputStream:75 - [STDERR_REDIRECT] 	at com.st.microxplorer.plugins.updater.engine.ServerAccessManage$ProxyFinder.<init>(ServerAccessManage.java:1532)
2024-03-16 22:26:12,228 [ERROR] LogOutputStream:75 - [STDERR_REDIRECT] 	at com.st.microxplorer.plugins.updater.engine.ServerAccessManage.getExtendedSystemProxyList(ServerAccessManage.java:1356)
2024-03-16 22:26:12,228 [ERROR] LogOutputStream:75 - [STDERR_REDIRECT] 	at com.st.microxplorer.plugins.updater.engine.ServerAccessManage.defineProxy(ServerAccessManage.java:1258)
2024-03-16 22:26:12,228 [ERROR] LogOutputStream:75 - [STDERR_REDIRECT] 	at com.st.microxplorer.plugins.updater.engine.ServerAccessManage.applyProxySettingsAndAuthentication(ServerAccessManage.java:340)
2024-03-16 22:26:12,229 [ERROR] LogOutputStream:75 - [STDERR_REDIRECT] 	at com.st.microxplorer.plugins.updater.engine.ServerAccessManage.openHttpConnexion(ServerAccessManage.java:1001)
2024-03-16 22:26:12,229 [ERROR] LogOutputStream:75 - [STDERR_REDIRECT] 	at com.st.microxplorer.plugins.updater.engine.ServerAccessManage.readHttpFile(ServerAccessManage.java:415)
2024-03-16 22:26:12,229 [ERROR] LogOutputStream:75 - [STDERR_REDIRECT] 	at com.st.microxplorer.plugins.updater.engine.LoadServerPackagesThread.loadAllFiles(LoadServerPackagesThread.java:921)
2024-03-16 22:26:12,229 [ERROR] LogOutputStream:75 - [STDERR_REDIRECT] 	at com.st.microxplorer.plugins.updater.engine.LoadServerPackagesThread.downloadPackageFiles(LoadServerPackagesThread.java:261)
2024-03-16 22:26:12,230 [ERROR] LogOutputStream:75 - [STDERR_REDIRECT] 	at com.st.microxplorer.plugins.updater.engine.LoadServerPackagesThread.run(LoadServerPackagesThread.java:183)
2024-03-16 22:26:12,465 [INFO] ServerAccessManage:473 - Download File stm32cube_fw_f2_v190.zip
2024-03-16 22:26:25,747 [ERROR] FileExtend:455 - File entry not found
2024-03-16 22:26:25,749 [INFO] FileExtend:240 - Unzip File : stm32cube_fw_f2_v190.zip
2024-03-16 22:26:25,750 [INFO] FileExtend:255 - Standard Zip Deflate
2024-03-16 22:26:32,108 [INFO] ServerAccessManage:473 - Download File stm32cube_fw_f2_v194.zip
2024-03-16 22:26:36,432 [INFO] FileExtend:240 - Unzip File : stm32cube_fw_f2_v194.zip
2024-03-16 22:26:36,432 [INFO] FileExtend:255 - Standard Zip Deflate
2024-03-16 22:26:38,838 [INFO] LoadServerPackagesThread:196 - End of LoadServerPackages Thread
2024-03-16 22:26:38,994 [INFO] ThirdPartyModel:298 - Start build external matchings
2024-03-16 22:26:39,003 [INFO] UtilMem:75 - End SaveConfig() Used Memory: 637073248 Bytes (1073741824)
2024-03-16 22:26:39,656 [INFO] BlockDiagram:2759 - set Specific Code input for plugin: RCC
2024-03-16 22:26:39,657 [INFO] BlockDiagram:2759 - set Specific Code input for plugin: NVIC
2024-03-16 22:26:39,658 [INFO] CodeGenerator:793 - code generatio: config db path: /Applications/STM32CubeIDE.app/Contents/Eclipse/plugins/com.st.stm32cube.common.mx_6.8.1.202304191431//db/
2024-03-16 22:26:40,205 [INFO] CodeEngine:255 - oldGeneratedFile, /Users/michal/Desktop/racing/zadanie_01/racing_STM32F205RGT6/MXTmpFiles/license.tmp_save
2024-03-16 22:26:40,719 [INFO] CodeEngine:279 - Generated code: /Users/michal/Desktop/racing/zadanie_01/racing_STM32F205RGT6/MXTmpFiles/license.tmp
2024-03-16 22:26:40,732 [INFO] CodeEngine:255 - oldGeneratedFile, /Users/michal/Desktop/racing/zadanie_01/racing_STM32F205RGT6/Core/Src/stm32f2xx_it.c_save
2024-03-16 22:26:40,803 [INFO] ThirdPartyModel:316 - End build external matchings
2024-03-16 22:26:40,821 [INFO] CheckServerUpdateThread:120 - End of CheckServer Thread
2024-03-16 22:26:40,889 [INFO] CodeEngine:279 - Generated code: /Users/michal/Desktop/racing/zadanie_01/racing_STM32F205RGT6/Core/Src/stm32f2xx_it.c
2024-03-16 22:26:40,892 [INFO] CodeEngine:255 - oldGeneratedFile, /Users/michal/Desktop/racing/zadanie_01/racing_STM32F205RGT6/Core/Inc/stm32f2xx_it.h_save
2024-03-16 22:26:40,994 [INFO] CodeEngine:279 - Generated code: /Users/michal/Desktop/racing/zadanie_01/racing_STM32F205RGT6/Core/Inc/stm32f2xx_it.h
2024-03-16 22:26:41,056 [INFO] CodeEngine:255 - oldGeneratedFile, /Users/michal/Desktop/racing/zadanie_01/racing_STM32F205RGT6/Core/Src/stm32f2xx_hal_msp.c_save
2024-03-16 22:26:41,206 [INFO] CodeEngine:279 - Generated code: /Users/michal/Desktop/racing/zadanie_01/racing_STM32F205RGT6/Core/Src/stm32f2xx_hal_msp.c
2024-03-16 22:26:41,209 [INFO] CodeEngine:255 - oldGeneratedFile, /Users/michal/Desktop/racing/zadanie_01/racing_STM32F205RGT6/MXTmpFiles/system.tmp_save
2024-03-16 22:26:41,316 [INFO] CodeEngine:279 - Generated code: /Users/michal/Desktop/racing/zadanie_01/racing_STM32F205RGT6/MXTmpFiles/system.tmp
2024-03-16 22:26:41,323 [INFO] CodeEngine:311 - oldGeneratedFile, /Users/michal/Desktop/racing/zadanie_01/racing_STM32F205RGT6/Core/Inc/stm32f2xx_hal_conf.h_save
2024-03-16 22:26:41,437 [INFO] CodeEngine:335 - Generated code: /Users/michal/Desktop/racing/zadanie_01/racing_STM32F205RGT6/Core/Inc/stm32f2xx_hal_conf.h
2024-03-16 22:26:41,522 [INFO] CodeEngine:255 - oldGeneratedFile, /Users/michal/Desktop/racing/zadanie_01/racing_STM32F205RGT6/Core/Inc/main.h_save
2024-03-16 22:26:41,636 [INFO] CodeEngine:279 - Generated code: /Users/michal/Desktop/racing/zadanie_01/racing_STM32F205RGT6/Core/Inc/main.h
2024-03-16 22:26:41,639 [INFO] CodeEngine:255 - oldGeneratedFile, /Users/michal/Desktop/racing/zadanie_01/racing_STM32F205RGT6/Core/Src/main.c_save
2024-03-16 22:26:41,776 [INFO] CodeEngine:279 - Generated code: /Users/michal/Desktop/racing/zadanie_01/racing_STM32F205RGT6/Core/Src/main.c
2024-03-16 22:26:43,007 [INFO] ProjectBuilder:2996 - Time for Copy HAL[1] : 149mS.
2024-03-16 22:26:43,022 [INFO] ProjectBuilder:4304 - Project Generator version: 3.19.2
2024-03-16 22:26:43,481 [INFO] ConfigFileManager:1483 - The Die is : DIE411
2024-03-16 22:26:43,503 [INFO] ApiDbMcu:507 - Load IP Config File for FATFS
2024-03-16 22:26:43,563 [INFO] ApiDbMcu:507 - Load IP Config File for FREERTOS
2024-03-16 22:26:43,572 [INFO] ApiDbMcu:507 - Load IP Config File for LIBJPEG
2024-03-16 22:26:43,653 [INFO] ApiDbMcu:507 - Load IP Config File for MBEDTLS
2024-03-16 22:26:43,717 [INFO] ApiDbMcu:507 - Load IP Config File for USB_DEVICE
2024-03-16 22:26:43,740 [INFO] ApiDbMcu:507 - Load IP Config File for USB_HOST
2024-03-16 22:26:45,135 [INFO] LogOutputStream:77 - [STDOUT_REDIRECT] 
2024-03-16 22:26:48,252 [INFO] ProjectBuilder:4505 - Time for Generating toolchain IDE Files: 5226mS.
2024-03-16 22:26:48,254 [INFO] ProjectBuilder:2867 - Time for Copy CMSIS : 0mS.
2024-03-16 22:26:48,255 [INFO] ProjectBuilder:2867 - Time for Copy CMSIS : 0mS.
2024-03-16 22:26:49,113 [INFO] McuFinderGlobals:66 - Set McuFinderConnectedMode to true
2024-03-16 22:26:49,119 [INFO] ApiDb:448 - Save user favorites file /Users/michal/.stm32cubeide/favorites.mcus.txt: 0 item(s)
2024-03-16 22:26:49,120 [INFO] ApiDb:452 - User favorites MCUs=[]
2024-03-16 22:50:17,684 [INFO] UtilMem:75 - End SaveConfig() Used Memory: 592364104 Bytes (1073741824)
2024-03-16 22:50:19,507 [INFO] UtilMem:75 - End SaveConfig() Used Memory: 632708336 Bytes (1073741824)
2024-03-16 22:50:21,425 [INFO] UtilMem:75 - End SaveConfig() Used Memory: 717144648 Bytes (1073741824)
2024-03-16 22:50:21,738 [INFO] BlockDiagram:2759 - set Specific Code input for plugin: RCC
2024-03-16 22:50:21,738 [INFO] BlockDiagram:2759 - set Specific Code input for plugin: NVIC
2024-03-16 22:50:21,738 [INFO] BlockDiagram:2759 - set Specific Code input for plugin: GPIO
2024-03-16 22:50:21,739 [INFO] CodeGenerator:793 - code generatio: config db path: /Applications/STM32CubeIDE.app/Contents/Eclipse/plugins/com.st.stm32cube.common.mx_6.8.1.202304191431//db/
2024-03-16 22:50:21,999 [INFO] CodeEngine:255 - oldGeneratedFile, /Users/michal/Desktop/racing/zadanie_01/racing_STM32F205RGT6/MXTmpFiles/license.tmp_save
2024-03-16 22:50:22,157 [INFO] CodeEngine:279 - Generated code: /Users/michal/Desktop/racing/zadanie_01/racing_STM32F205RGT6/MXTmpFiles/license.tmp
2024-03-16 22:50:22,203 [INFO] CodeEngine:255 - oldGeneratedFile, /Users/michal/Desktop/racing/zadanie_01/racing_STM32F205RGT6/MXTmpFiles/gpio.tmp_save
2024-03-16 22:50:22,356 [INFO] CodeEngine:279 - Generated code: /Users/michal/Desktop/racing/zadanie_01/racing_STM32F205RGT6/MXTmpFiles/gpio.tmp
2024-03-16 22:50:22,367 [INFO] CodeEngine:255 - oldGeneratedFile, /Users/michal/Desktop/racing/zadanie_01/racing_STM32F205RGT6/Core/Src/stm32f2xx_it.c_save
2024-03-16 22:50:22,854 [INFO] CodeEngine:279 - Generated code: /Users/michal/Desktop/racing/zadanie_01/racing_STM32F205RGT6/Core/Src/stm32f2xx_it.c
2024-03-16 22:50:22,860 [INFO] CodeEngine:255 - oldGeneratedFile, /Users/michal/Desktop/racing/zadanie_01/racing_STM32F205RGT6/Core/Inc/stm32f2xx_it.h_save
2024-03-16 22:50:22,951 [INFO] CodeEngine:279 - Generated code: /Users/michal/Desktop/racing/zadanie_01/racing_STM32F205RGT6/Core/Inc/stm32f2xx_it.h
2024-03-16 22:50:22,963 [INFO] CodeEngine:255 - oldGeneratedFile, /Users/michal/Desktop/racing/zadanie_01/racing_STM32F205RGT6/Core/Src/stm32f2xx_hal_msp.c_save
2024-03-16 22:50:23,098 [INFO] CodeEngine:279 - Generated code: /Users/michal/Desktop/racing/zadanie_01/racing_STM32F205RGT6/Core/Src/stm32f2xx_hal_msp.c
2024-03-16 22:50:23,102 [INFO] CodeEngine:255 - oldGeneratedFile, /Users/michal/Desktop/racing/zadanie_01/racing_STM32F205RGT6/MXTmpFiles/system.tmp_save
2024-03-16 22:50:23,261 [INFO] CodeEngine:279 - Generated code: /Users/michal/Desktop/racing/zadanie_01/racing_STM32F205RGT6/MXTmpFiles/system.tmp
2024-03-16 22:50:23,273 [INFO] CodeEngine:311 - oldGeneratedFile, /Users/michal/Desktop/racing/zadanie_01/racing_STM32F205RGT6/Core/Inc/stm32f2xx_hal_conf.h_save
2024-03-16 22:50:23,356 [INFO] CodeEngine:335 - Generated code: /Users/michal/Desktop/racing/zadanie_01/racing_STM32F205RGT6/Core/Inc/stm32f2xx_hal_conf.h
2024-03-16 22:50:23,381 [INFO] CodeEngine:255 - oldGeneratedFile, /Users/michal/Desktop/racing/zadanie_01/racing_STM32F205RGT6/Core/Inc/main.h_save
2024-03-16 22:50:23,454 [INFO] CodeEngine:279 - Generated code: /Users/michal/Desktop/racing/zadanie_01/racing_STM32F205RGT6/Core/Inc/main.h
2024-03-16 22:50:23,459 [INFO] CodeEngine:255 - oldGeneratedFile, /Users/michal/Desktop/racing/zadanie_01/racing_STM32F205RGT6/Core/Src/main.c_save
2024-03-16 22:50:23,556 [INFO] CodeEngine:279 - Generated code: /Users/michal/Desktop/racing/zadanie_01/racing_STM32F205RGT6/Core/Src/main.c
2024-03-16 22:50:24,450 [INFO] ProjectBuilder:2996 - Time for Copy HAL[1] : 175mS.
2024-03-16 22:50:24,455 [INFO] ProjectBuilder:4304 - Project Generator version: 3.19.2
2024-03-16 22:50:25,042 [INFO] ConfigFileManager:1483 - The Die is : DIE411
2024-03-16 22:50:26,961 [INFO] ProjectBuilder:4505 - Time for Generating toolchain IDE Files: 2506mS.
2024-03-16 22:50:26,961 [INFO] ProjectBuilder:2867 - Time for Copy CMSIS : 0mS.
2024-03-16 22:50:26,963 [INFO] ProjectBuilder:2867 - Time for Copy CMSIS : 0mS.
